TN:
SF:src\App.vue
FN:127,onSceneReady
FN:134,onEnterFloor
FN:136,onSaveView
FN:137,onLoadView
FN:138,onSelectVNode
FN:140,(anonymous_5)
FN:145,(anonymous_6)
FN:148,(anonymous_7)
FN:152,(anonymous_8)
FN:152,(anonymous_9)
FN:60,(anonymous_10)
FN:80,(anonymous_11)
FN:79,(anonymous_12)
FNF:13
FNH:0
FNDA:0,onSceneReady
FNDA:0,onEnterFloor
FNDA:0,onSaveView
FNDA:0,onLoadView
FNDA:0,onSelectVNode
FNDA:0,(anonymous_5)
FNDA:0,(anonymous_6)
FNDA:0,(anonymous_7)
FNDA:0,(anonymous_8)
FNDA:0,(anonymous_9)
FNDA:0,(anonymous_10)
FNDA:0,(anonymous_11)
FNDA:0,(anonymous_12)
DA:2,0
DA:6,0
DA:60,0
DA:74,0
DA:79,0
DA:80,0
DA:117,0
DA:118,0
DA:119,0
DA:120,0
DA:122,0
DA:123,0
DA:124,0
DA:125,0
DA:128,0
DA:129,0
DA:130,0
DA:131,0
DA:134,0
DA:136,0
DA:137,0
DA:138,0
DA:140,0
DA:141,0
DA:142,0
DA:145,0
DA:146,0
DA:148,0
DA:149,0
DA:152,0
DA:153,0
LF:31
LH:0
BRDA:141,0,0,0
BRDA:141,0,1,0
BRDA:142,1,0,0
BRDA:142,1,1,0
BRDA:146,2,0,0
BRDA:146,2,1,0
BRDA:146,2,2,0
BRDA:146,2,3,0
BRDA:146,2,4,0
BRDA:146,2,5,0
BRDA:149,3,0,0
BRDA:149,3,1,0
BRDA:149,3,2,0
BRDA:149,3,3,0
BRDA:149,3,4,0
BRDA:149,3,5,0
BRDA:8,4,0,0
BRDA:8,4,1,0
BRDA:9,5,0,0
BRDA:9,5,1,0
BRDA:10,6,0,0
BRDA:10,6,1,0
BRDA:11,7,0,0
BRDA:11,7,1,0
BRDA:12,8,0,0
BRDA:12,8,1,0
BRDA:13,9,0,0
BRDA:13,9,1,0
BRDA:14,10,0,0
BRDA:14,10,1,0
BRDA:19,11,0,0
BRDA:19,11,1,0
BRDA:28,12,0,0
BRDA:28,12,1,0
BRDA:32,13,0,0
BRDA:32,14,0,0
BRDA:32,14,1,0
BRDA:32,14,2,0
BRDA:37,15,0,0
BRDA:37,15,1,0
BRDA:37,16,0,0
BRDA:37,16,1,0
BRDA:41,17,0,0
BRDA:42,18,0,0
BRDA:42,18,1,0
BRDA:43,19,0,0
BRDA:43,19,1,0
BRDA:44,20,0,0
BRDA:44,20,1,0
BRDA:47,21,0,0
BRDA:51,22,0,0
BRDA:51,22,1,0
BRDA:52,23,0,0
BRDA:57,24,0,0
BRDA:60,25,0,0
BRDA:60,25,1,0
BRDA:72,26,0,0
BRDA:75,27,0,0
BRDA:75,27,1,0
BRDA:79,28,0,0
BRDA:79,28,1,0
BRF:61
BRH:0
end_of_record
TN:
SF:src\index.ts
FN:14,createNmsEditor
FN:27,(anonymous_1)
FN:37,destroy
FN:42,upsertDevices
FN:45,removeDevices
FN:48,upsertLinks
FN:51,removeLinks
FN:54,upsertSpaces
FN:57,removeSpaces
FN:60,upsertInterfaces
FN:63,upsertVirtualNodes
FN:66,removeVirtualNodes
FN:69,setOperatorState
FN:72,setConnectionStatus
FN:75,notify
FN:78,selectDevice
FN:81,applyFilter
FN:84,setMode
FN:87,save
FN:98,resolveMountTarget
FNF:20
FNH:0
FNDA:0,createNmsEditor
FNDA:0,(anonymous_1)
FNDA:0,destroy
FNDA:0,upsertDevices
FNDA:0,removeDevices
FNDA:0,upsertLinks
FNDA:0,removeLinks
FNDA:0,upsertSpaces
FNDA:0,removeSpaces
FNDA:0,upsertInterfaces
FNDA:0,upsertVirtualNodes
FNDA:0,removeVirtualNodes
FNDA:0,setOperatorState
FNDA:0,setConnectionStatus
FNDA:0,notify
FNDA:0,selectDevice
FNDA:0,applyFilter
FNDA:0,setMode
FNDA:0,save
FNDA:0,resolveMountTarget
DA:15,0
DA:16,0
DA:18,0
DA:20,0
DA:22,0
DA:23,0
DA:24,0
DA:25,0
DA:26,0
DA:27,0
DA:28,0
DA:29,0
DA:31,0
DA:33,0
DA:34,0
DA:36,0
DA:38,0
DA:39,0
DA:40,0
DA:43,0
DA:46,0
DA:49,0
DA:52,0
DA:55,0
DA:58,0
DA:61,0
DA:64,0
DA:67,0
DA:70,0
DA:73,0
DA:76,0
DA:79,0
DA:82,0
DA:85,0
DA:88,0
DA:99,0
DA:100,0
DA:102,0
DA:103,0
DA:104,0
DA:105,0
DA:106,0
DA:107,0
DA:108,0
DA:109,0
DA:112,0
DA:113,0
DA:114,0
DA:115,0
DA:116,0
DA:117,0
LF:51
LH:0
BRDA:15,0,0,0
BRDA:15,0,1,0
BRDA:28,1,0,0
BRDA:28,1,1,0
BRDA:39,2,0,0
BRDA:39,2,1,0
BRDA:79,3,0,0
BRDA:79,3,1,0
BRDA:100,4,0,0
BRDA:100,4,1,0
BRDA:102,5,0,0
BRDA:102,5,1,0
BRDA:104,6,0,0
BRDA:104,6,1,0
BRDA:108,7,0,0
BRDA:108,7,1,0
BRF:16
BRH:0
end_of_record
TN:
SF:src\main.ts
FNF:0
FNH:0
DA:6,0
LF:1
LH:0
BRF:0
BRH:0
end_of_record
TN:
SF:src\components\layout\AlertPanel.vue
FN:79,(anonymous_0)
FN:82,(anonymous_1)
FN:84,(anonymous_2)
FN:89,(anonymous_3)
FN:97,(anonymous_4)
FN:98,(anonymous_5)
FN:99,(anonymous_6)
FN:105,(anonymous_7)
FN:105,(anonymous_8)
FN:106,(anonymous_9)
FN:111,(anonymous_10)
FN:118,(anonymous_11)
FN:119,(anonymous_12)
FN:120,(anonymous_13)
FN:125,(anonymous_14)
FN:134,(anonymous_15)
FN:134,(anonymous_16)
FN:135,(anonymous_17)
FN:140,(anonymous_18)
FN:140,(anonymous_19)
FN:140,(anonymous_20)
FN:140,(anonymous_21)
FN:141,(anonymous_22)
FN:141,(anonymous_23)
FN:142,(anonymous_24)
FN:143,(anonymous_25)
FN:145,(anonymous_26)
FN:146,(anonymous_27)
FN:147,(anonymous_28)
FN:148,(anonymous_29)
FN:152,assigneeFor
FN:156,onDeviceClick
FN:161,onGroupClick
FN:7,(anonymous_33)
FN:10,(anonymous_34)
FN:11,(anonymous_35)
FN:11,(anonymous_36)
FN:18,(anonymous_37)
FN:19,(anonymous_38)
FN:25,(anonymous_39)
FN:29,(anonymous_40)
FNF:41
FNH:0
FNDA:0,(anonymous_0)
FNDA:0,(anonymous_1)
FNDA:0,(anonymous_2)
FNDA:0,(anonymous_3)
FNDA:0,(anonymous_4)
FNDA:0,(anonymous_5)
FNDA:0,(anonymous_6)
FNDA:0,(anonymous_7)
FNDA:0,(anonymous_8)
FNDA:0,(anonymous_9)
FNDA:0,(anonymous_10)
FNDA:0,(anonymous_11)
FNDA:0,(anonymous_12)
FNDA:0,(anonymous_13)
FNDA:0,(anonymous_14)
FNDA:0,(anonymous_15)
FNDA:0,(anonymous_16)
FNDA:0,(anonymous_17)
FNDA:0,(anonymous_18)
FNDA:0,(anonymous_19)
FNDA:0,(anonymous_20)
FNDA:0,(anonymous_21)
FNDA:0,(anonymous_22)
FNDA:0,(anonymous_23)
FNDA:0,(anonymous_24)
FNDA:0,(anonymous_25)
FNDA:0,(anonymous_26)
FNDA:0,(anonymous_27)
FNDA:0,(anonymous_28)
FNDA:0,(anonymous_29)
FNDA:0,assigneeFor
FNDA:0,onDeviceClick
FNDA:0,onGroupClick
FNDA:0,(anonymous_33)
FNDA:0,(anonymous_34)
FNDA:0,(anonymous_35)
FNDA:0,(anonymous_36)
FNDA:0,(anonymous_37)
FNDA:0,(anonymous_38)
FNDA:0,(anonymous_39)
FNDA:0,(anonymous_40)
DA:2,0
DA:3,0
DA:4,0
DA:7,0
DA:10,0
DA:11,0
DA:12,0
DA:15,0
DA:18,0
DA:19,0
DA:20,0
DA:21,0
DA:23,0
DA:24,0
DA:29,0
DA:31,0
DA:32,0
DA:33,0
DA:35,0
DA:50,0
DA:55,0
DA:61,0
DA:62,0
DA:63,0
DA:79,0
DA:80,0
DA:82,0
DA:83,0
DA:84,0
DA:85,0
DA:87,0
DA:89,0
DA:90,0
DA:94,0
DA:97,0
DA:98,0
DA:99,0
DA:105,0
DA:106,0
DA:108,0
DA:110,0
DA:111,0
DA:112,0
DA:115,0
DA:118,0
DA:119,0
DA:120,0
DA:125,0
DA:127,0
DA:129,0
DA:132,0
DA:133,0
DA:134,0
DA:135,0
DA:136,0
DA:137,0
DA:138,0
DA:140,0
DA:141,0
DA:142,0
DA:143,0
DA:145,0
DA:146,0
DA:147,0
DA:148,0
DA:149,0
DA:153,0
DA:157,0
DA:158,0
DA:162,0
DA:163,0
DA:164,0
LF:72
LH:0
BRDA:83,0,0,0
BRDA:83,0,1,0
BRDA:84,1,0,0
BRDA:84,1,1,0
BRDA:87,2,0,0
BRDA:87,2,1,0
BRDA:91,3,0,0
BRDA:91,3,1,0
BRDA:91,4,0,0
BRDA:91,4,1,0
BRDA:91,5,0,0
BRDA:91,5,1,0
BRDA:91,6,0,0
BRDA:91,6,1,0
BRDA:108,7,0,0
BRDA:108,7,1,0
BRDA:110,8,0,0
BRDA:110,8,1,0
BRDA:113,9,0,0
BRDA:113,9,1,0
BRDA:113,10,0,0
BRDA:113,10,1,0
BRDA:113,11,0,0
BRDA:113,11,1,0
BRDA:113,12,0,0
BRDA:113,12,1,0
BRDA:127,13,0,0
BRDA:127,13,1,0
BRDA:137,14,0,0
BRDA:137,14,1,0
BRDA:140,15,0,0
BRDA:140,15,1,0
BRDA:146,16,0,0
BRDA:146,16,1,0
BRDA:147,17,0,0
BRDA:147,17,1,0
BRDA:148,18,0,0
BRDA:148,18,1,0
BRDA:162,19,0,0
BRDA:162,19,1,0
BRDA:5,20,0,0
BRDA:5,20,1,0
BRDA:7,21,0,0
BRDA:7,21,1,0
BRDA:10,22,0,0
BRDA:10,22,1,0
BRDA:17,23,0,0
BRDA:17,23,1,0
BRDA:17,24,0,0
BRDA:17,24,1,0
BRDA:21,25,0,0
BRDA:21,25,1,0
BRDA:28,26,0,0
BRDA:28,26,1,0
BRDA:30,27,0,0
BRDA:30,27,1,0
BRDA:32,28,0,0
BRDA:32,28,1,0
BRDA:32,28,2,0
BRDA:33,29,0,0
BRDA:33,29,1,0
BRDA:33,30,0,0
BRDA:33,30,1,0
BRDA:35,31,0,0
BRDA:35,31,1,0
BRF:65
BRH:0
end_of_record
TN:
SF:src\components\layout\AppMenuBar.vue
FN:69,(anonymous_0)
FN:74,(anonymous_1)
FN:104,toggleLayer
FN:108,toggleWs
FN:120,toggleSim
FN:137,(anonymous_5)
FN:149,(anonymous_6)
FN:155,(anonymous_7)
FN:162,(anonymous_8)
FN:172,(anonymous_9)
FN:185,(anonymous_10)
FN:186,(anonymous_11)
FN:193,(anonymous_12)
FN:195,(anonymous_13)
FN:196,(anonymous_14)
FN:202,(anonymous_15)
FN:204,(anonymous_16)
FN:205,(anonymous_17)
FN:210,(anonymous_18)
FN:211,(anonymous_19)
FN:217,(anonymous_20)
FN:218,(anonymous_21)
FN:230,(anonymous_22)
FN:231,(anonymous_23)
FN:236,(anonymous_24)
FN:241,(anonymous_25)
FN:246,(anonymous_26)
FN:247,(anonymous_27)
FN:251,(anonymous_28)
FN:252,(anonymous_29)
FN:261,(anonymous_30)
FN:265,(anonymous_31)
FN:267,(anonymous_32)
FN:271,(anonymous_33)
FN:272,(anonymous_34)
FN:282,(anonymous_35)
FN:288,(anonymous_36)
FN:294,onMenuClick
FN:297,onMenuEnter
FN:300,invoke
FN:306,close
FN:310,onDocClick
FN:315,(anonymous_42)
FN:316,(anonymous_43)
FN:6,(anonymous_44)
FN:10,(anonymous_45)
FN:11,(anonymous_46)
FN:31,(anonymous_47)
FN:15,(anonymous_48)
FN:16,(anonymous_49)
FN:24,(anonymous_50)
FNF:51
FNH:0
FNDA:0,(anonymous_0)
FNDA:0,(anonymous_1)
FNDA:0,toggleLayer
FNDA:0,toggleWs
FNDA:0,toggleSim
FNDA:0,(anonymous_5)
FNDA:0,(anonymous_6)
FNDA:0,(anonymous_7)
FNDA:0,(anonymous_8)
FNDA:0,(anonymous_9)
FNDA:0,(anonymous_10)
FNDA:0,(anonymous_11)
FNDA:0,(anonymous_12)
FNDA:0,(anonymous_13)
FNDA:0,(anonymous_14)
FNDA:0,(anonymous_15)
FNDA:0,(anonymous_16)
FNDA:0,(anonymous_17)
FNDA:0,(anonymous_18)
FNDA:0,(anonymous_19)
FNDA:0,(anonymous_20)
FNDA:0,(anonymous_21)
FNDA:0,(anonymous_22)
FNDA:0,(anonymous_23)
FNDA:0,(anonymous_24)
FNDA:0,(anonymous_25)
FNDA:0,(anonymous_26)
FNDA:0,(anonymous_27)
FNDA:0,(anonymous_28)
FNDA:0,(anonymous_29)
FNDA:0,(anonymous_30)
FNDA:0,(anonymous_31)
FNDA:0,(anonymous_32)
FNDA:0,(anonymous_33)
FNDA:0,(anonymous_34)
FNDA:0,(anonymous_35)
FNDA:0,(anonymous_36)
FNDA:0,onMenuClick
FNDA:0,onMenuEnter
FNDA:0,invoke
FNDA:0,close
FNDA:0,onDocClick
FNDA:0,(anonymous_42)
FNDA:0,(anonymous_43)
FNDA:0,(anonymous_44)
FNDA:0,(anonymous_45)
FNDA:0,(anonymous_46)
FNDA:0,(anonymous_47)
FNDA:0,(anonymous_48)
FNDA:0,(anonymous_49)
FNDA:0,(anonymous_50)
DA:2,0
DA:5,0
DA:10,0
DA:11,0
DA:13,0
DA:24,0
DA:26,0
DA:27,0
DA:28,0
DA:31,0
DA:49,0
DA:50,0
DA:51,0
DA:52,0
DA:68,0
DA:69,0
DA:74,0
DA:75,0
DA:76,0
DA:77,0
DA:78,0
DA:82,0
DA:95,0
DA:105,0
DA:109,0
DA:110,0
DA:111,0
DA:113,0
DA:114,0
DA:118,0
DA:119,0
DA:121,0
DA:122,0
DA:123,0
DA:124,0
DA:125,0
DA:127,0
DA:128,0
DA:137,0
DA:138,0
DA:139,0
DA:140,0
DA:141,0
DA:149,0
DA:156,0
DA:162,0
DA:172,0
DA:185,0
DA:187,0
DA:188,0
DA:193,0
DA:195,0
DA:197,0
DA:202,0
DA:204,0
DA:205,0
DA:210,0
DA:212,0
DA:217,0
DA:219,0
DA:230,0
DA:231,0
DA:236,0
DA:241,0
DA:246,0
DA:247,0
DA:251,0
DA:252,0
DA:261,0
DA:265,0
DA:267,0
DA:271,0
DA:272,0
DA:283,0
DA:288,0
DA:295,0
DA:298,0
DA:301,0
DA:302,0
DA:304,0
DA:307,0
DA:311,0
DA:312,0
DA:315,0
DA:316,0
LF:85
LH:0
BRDA:75,0,0,0
BRDA:75,0,1,0
BRDA:75,0,2,0
BRDA:109,1,0,0
BRDA:109,1,1,0
BRDA:121,2,0,0
BRDA:121,2,1,0
BRDA:122,3,0,0
BRDA:122,3,1,0
BRDA:168,4,0,0
BRDA:168,4,1,0
BRDA:187,5,0,0
BRDA:187,5,1,0
BRDA:295,6,0,0
BRDA:295,6,1,0
BRDA:298,7,0,0
BRDA:298,7,1,0
BRDA:301,8,0,0
BRDA:301,8,1,0
BRDA:312,9,0,0
BRDA:312,9,1,0
BRDA:3,10,0,0
BRDA:3,10,1,0
BRDA:15,11,0,0
BRDA:15,12,0,0
BRDA:15,12,1,0
BRDA:17,13,0,0
BRDA:17,13,1,0
BRDA:18,14,0,0
BRDA:18,14,1,0
BRDA:26,15,0,0
BRDA:26,15,1,0
BRDA:28,16,0,0
BRDA:28,16,1,0
BRDA:35,17,0,0
BRDA:35,17,1,0
BRF:36
BRH:0
end_of_record
TN:
SF:src\components\layout\BackgroundPanel.vue
FN:223,(anonymous_0)
FN:237,(anonymous_1)
FN:239,openAdd
FN:248,cancelAdd
FN:253,onFile
FN:264,(anonymous_5)
FN:268,(anonymous_6)
FN:274,save
FN:305,remove
FN:308,(anonymous_9)
FN:316,(anonymous_10)
FN:332,(anonymous_11)
FN:347,toggleEdit
FN:355,commitField
FN:363,commitPosition
FN:5,(anonymous_15)
FN:19,(anonymous_16)
FN:41,(anonymous_17)
FN:49,(anonymous_18)
FN:50,(anonymous_19)
FN:53,(anonymous_20)
FN:65,(anonymous_21)
FN:75,(anonymous_22)
FN:85,(anonymous_23)
FN:97,(anonymous_24)
FN:101,(anonymous_25)
FN:109,(anonymous_26)
FN:114,(anonymous_27)
FN:123,(anonymous_28)
FN:128,(anonymous_29)
FN:134,(anonymous_30)
FN:139,(anonymous_31)
FN:149,(anonymous_32)
FN:155,(anonymous_33)
FN:205,(anonymous_34)
FN:167,(anonymous_35)
FN:186,(anonymous_36)
FNF:37
FNH:0
FNDA:0,(anonymous_0)
FNDA:0,(anonymous_1)
FNDA:0,openAdd
FNDA:0,cancelAdd
FNDA:0,onFile
FNDA:0,(anonymous_5)
FNDA:0,(anonymous_6)
FNDA:0,save
FNDA:0,remove
FNDA:0,(anonymous_9)
FNDA:0,(anonymous_10)
FNDA:0,(anonymous_11)
FNDA:0,toggleEdit
FNDA:0,commitField
FNDA:0,commitPosition
FNDA:0,(anonymous_15)
FNDA:0,(anonymous_16)
FNDA:0,(anonymous_17)
FNDA:0,(anonymous_18)
FNDA:0,(anonymous_19)
FNDA:0,(anonymous_20)
FNDA:0,(anonymous_21)
FNDA:0,(anonymous_22)
FNDA:0,(anonymous_23)
FNDA:0,(anonymous_24)
FNDA:0,(anonymous_25)
FNDA:0,(anonymous_26)
FNDA:0,(anonymous_27)
FNDA:0,(anonymous_28)
FNDA:0,(anonymous_29)
FNDA:0,(anonymous_30)
FNDA:0,(anonymous_31)
FNDA:0,(anonymous_32)
FNDA:0,(anonymous_33)
FNDA:0,(anonymous_34)
FNDA:0,(anonymous_35)
FNDA:0,(anonymous_36)
DA:2,0
DA:3,0
DA:5,0
DA:15,0
DA:19,0
DA:22,0
DA:39,0
DA:40,0
DA:46,0
DA:49,0
DA:50,0
DA:53,0
DA:59,0
DA:61,0
DA:62,0
DA:65,0
DA:72,0
DA:75,0
DA:82,0
DA:85,0
DA:94,0
DA:97,0
DA:101,0
DA:109,0
DA:114,0
DA:120,0
DA:123,0
DA:128,0
DA:131,0
DA:134,0
DA:139,0
DA:145,0
DA:147,0
DA:149,0
DA:155,0
DA:164,0
DA:167,0
DA:172,0
DA:181,0
DA:186,0
DA:193,0
DA:205,0
DA:219,0
DA:220,0
DA:221,0
DA:223,0
DA:224,0
DA:228,0
DA:229,0
DA:230,0
DA:231,0
DA:232,0
DA:233,0
DA:234,0
DA:235,0
DA:237,0
DA:240,0
DA:241,0
DA:242,0
DA:243,0
DA:244,0
DA:245,0
DA:249,0
DA:250,0
DA:254,0
DA:255,0
DA:256,0
DA:257,0
DA:258,0
DA:259,0
DA:261,0
DA:262,0
DA:263,0
DA:264,0
DA:265,0
DA:266,0
DA:268,0
DA:269,0
DA:271,0
DA:275,0
DA:276,0
DA:277,0
DA:278,0
DA:279,0
DA:280,0
DA:281,0
DA:282,0
DA:283,0
DA:296,0
DA:297,0
DA:298,0
DA:299,0
DA:301,0
DA:306,0
DA:307,0
DA:308,0
DA:309,0
DA:310,0
DA:311,0
DA:315,0
DA:316,0
DA:317,0
DA:322,0
DA:323,0
DA:324,0
DA:325,0
DA:326,0
DA:327,0
DA:328,0
DA:329,0
DA:331,0
DA:334,0
DA:335,0
DA:336,0
DA:337,0
DA:338,0
DA:339,0
DA:340,0
DA:341,0
DA:342,0
DA:348,0
DA:349,0
DA:350,0
DA:351,0
DA:356,0
DA:357,0
DA:360,0
DA:364,0
DA:365,0
DA:368,0
LF:130
LH:0
BRDA:237,0,0,0
BRDA:237,0,1,0
BRDA:250,1,0,0
BRDA:250,1,1,0
BRDA:256,2,0,0
BRDA:256,2,1,0
BRDA:257,3,0,0
BRDA:257,3,1,0
BRDA:261,4,0,0
BRDA:261,4,1,0
BRDA:275,5,0,0
BRDA:275,5,1,0
BRDA:275,6,0,0
BRDA:275,6,1,0
BRDA:277,7,0,0
BRDA:277,7,1,0
BRDA:289,8,0,0
BRDA:289,8,1,0
BRDA:292,9,0,0
BRDA:292,9,1,0
BRDA:293,10,0,0
BRDA:293,10,1,0
BRDA:306,11,0,0
BRDA:306,11,1,0
BRDA:309,12,0,0
BRDA:309,12,1,0
BRDA:317,13,0,0
BRDA:317,13,1,0
BRDA:318,14,0,0
BRDA:318,14,1,0
BRDA:334,15,0,0
BRDA:334,15,1,0
BRDA:338,16,0,0
BRDA:338,16,1,0
BRDA:339,17,0,0
BRDA:339,17,1,0
BRDA:340,18,0,0
BRDA:340,18,1,0
BRDA:341,19,0,0
BRDA:341,19,1,0
BRDA:342,20,0,0
BRDA:342,20,1,0
BRDA:348,21,0,0
BRDA:348,21,1,0
BRDA:350,22,0,0
BRDA:350,22,1,0
BRDA:350,23,0,0
BRDA:350,23,1,0
BRDA:356,24,0,0
BRDA:356,24,1,0
BRDA:364,25,0,0
BRDA:364,25,1,0
BRDA:8,26,0,0
BRDA:8,26,1,0
BRDA:5,27,0,0
BRDA:5,27,1,0
BRDA:10,28,0,0
BRDA:10,28,1,0
BRDA:19,29,0,0
BRDA:19,29,1,0
BRDA:21,30,0,0
BRDA:21,30,1,0
BRDA:24,31,0,0
BRDA:24,31,1,0
BRDA:31,32,0,0
BRDA:31,32,1,0
BRDA:36,33,0,0
BRDA:36,33,1,0
BRDA:47,34,0,0
BRDA:47,34,1,0
BRDA:51,35,0,0
BRDA:51,35,1,0
BRDA:58,36,0,0
BRDA:71,37,0,0
BRDA:71,37,1,0
BRDA:65,38,0,0
BRDA:65,38,1,0
BRDA:81,39,0,0
BRDA:81,39,1,0
BRDA:75,40,0,0
BRDA:75,40,1,0
BRDA:91,41,0,0
BRDA:91,41,1,0
BRDA:85,42,0,0
BRDA:85,42,1,0
BRDA:103,43,0,0
BRDA:103,43,1,0
BRDA:97,44,0,0
BRDA:97,44,1,0
BRDA:101,45,0,0
BRDA:101,45,1,0
BRDA:105,46,0,0
BRDA:105,46,1,0
BRDA:116,47,0,0
BRDA:116,47,1,0
BRDA:109,48,0,0
BRDA:109,48,1,0
BRDA:114,49,0,0
BRDA:114,49,1,0
BRDA:130,50,0,0
BRDA:130,50,1,0
BRDA:123,51,0,0
BRDA:123,51,1,0
BRDA:128,52,0,0
BRDA:128,52,1,0
BRDA:141,53,0,0
BRDA:141,53,1,0
BRDA:134,54,0,0
BRDA:134,54,1,0
BRDA:139,55,0,0
BRDA:139,55,1,0
BRDA:149,56,0,0
BRDA:149,56,1,0
BRDA:155,57,0,0
BRDA:155,57,1,0
BRDA:162,58,0,0
BRDA:163,59,0,0
BRDA:163,59,1,0
BRDA:171,60,0,0
BRDA:171,60,1,0
BRDA:167,61,0,0
BRDA:167,61,1,0
BRDA:182,62,0,0
BRDA:182,62,1,0
BRDA:186,63,0,0
BRDA:186,63,1,0
BRDA:190,64,0,0
BRDA:190,64,1,0
BRDA:196,65,0,0
BRDA:196,65,1,0
BRDA:199,66,0,0
BRDA:199,66,1,0
BRF:132
BRH:0
end_of_record
TN:
SF:src\components\layout\ChangeLogPanel.vue
FN:43,entryClass
FN:50,(anonymous_1)
FN:52,(anonymous_2)
FN:55,onExport
FN:59,downloadJson
FN:5,(anonymous_5)
FN:13,(anonymous_6)
FN:14,(anonymous_7)
FN:24,(anonymous_8)
FNF:9
FNH:0
FNDA:0,entryClass
FNDA:0,(anonymous_1)
FNDA:0,(anonymous_2)
FNDA:0,onExport
FNDA:0,downloadJson
FNDA:0,(anonymous_5)
FNDA:0,(anonymous_6)
FNDA:0,(anonymous_7)
FNDA:0,(anonymous_8)
DA:2,0
DA:3,0
DA:5,0
DA:13,0
DA:14,0
DA:23,0
DA:24,0
DA:26,0
DA:27,0
DA:38,0
DA:39,0
DA:41,0
DA:44,0
DA:45,0
DA:46,0
DA:47,0
DA:50,0
DA:51,0
DA:52,0
DA:56,0
DA:60,0
DA:61,0
DA:62,0
DA:63,0
DA:64,0
DA:65,0
LF:26
LH:0
BRDA:44,0,0,0
BRDA:44,0,1,0
BRDA:45,1,0,0
BRDA:45,1,1,0
BRDA:46,2,0,0
BRDA:46,2,1,0
BRDA:51,3,0,0
BRDA:51,3,1,0
BRDA:4,4,0,0
BRDA:4,4,1,0
BRDA:5,5,0,0
BRDA:5,5,1,0
BRDA:13,6,0,0
BRDA:13,6,1,0
BRDA:14,7,0,0
BRDA:14,7,1,0
BRDA:21,8,0,0
BRDA:21,8,1,0
BRF:18
BRH:0
end_of_record
TN:
SF:src\components\layout\CustomTypePanel.vue
FN:371,(anonymous_0)
FN:374,(anonymous_1)
FN:375,(anonymous_2)
FN:378,hasOverride
FN:381,overrideColor
FN:388,overrideAbbr
FN:418,resetModelState
FN:426,openAdd
FN:444,openEdit
FN:453,openOverride
FN:464,cancelEdit
FN:469,autoAbbr
FN:477,onModelFile
FN:488,(anonymous_13)
FN:493,(anonymous_14)
FN:500,clearModel
FN:505,save
FN:517,(anonymous_17)
FN:537,remove
FN:540,(anonymous_19)
FN:547,resetOverride
FN:550,(anonymous_21)
FN:5,(anonymous_22)
FN:21,(anonymous_23)
FN:35,(anonymous_24)
FN:41,(anonymous_25)
FN:61,(anonymous_26)
FN:71,(anonymous_27)
FN:72,(anonymous_28)
FN:211,(anonymous_29)
FN:94,(anonymous_30)
FN:103,(anonymous_31)
FN:115,(anonymous_32)
FN:120,(anonymous_33)
FN:128,(anonymous_34)
FN:129,(anonymous_35)
FN:138,(anonymous_36)
FN:149,(anonymous_37)
FN:160,(anonymous_38)
FN:188,(anonymous_39)
FNF:40
FNH:0
FNDA:0,(anonymous_0)
FNDA:0,(anonymous_1)
FNDA:0,(anonymous_2)
FNDA:0,hasOverride
FNDA:0,overrideColor
FNDA:0,overrideAbbr
FNDA:0,resetModelState
FNDA:0,openAdd
FNDA:0,openEdit
FNDA:0,openOverride
FNDA:0,cancelEdit
FNDA:0,autoAbbr
FNDA:0,onModelFile
FNDA:0,(anonymous_13)
FNDA:0,(anonymous_14)
FNDA:0,clearModel
FNDA:0,save
FNDA:0,(anonymous_17)
FNDA:0,remove
FNDA:0,(anonymous_19)
FNDA:0,resetOverride
FNDA:0,(anonymous_21)
FNDA:0,(anonymous_22)
FNDA:0,(anonymous_23)
FNDA:0,(anonymous_24)
FNDA:0,(anonymous_25)
FNDA:0,(anonymous_26)
FNDA:0,(anonymous_27)
FNDA:0,(anonymous_28)
FNDA:0,(anonymous_29)
FNDA:0,(anonymous_30)
FNDA:0,(anonymous_31)
FNDA:0,(anonymous_32)
FNDA:0,(anonymous_33)
FNDA:0,(anonymous_34)
FNDA:0,(anonymous_35)
FNDA:0,(anonymous_36)
FNDA:0,(anonymous_37)
FNDA:0,(anonymous_38)
FNDA:0,(anonymous_39)
DA:2,0
DA:3,0
DA:5,0
DA:20,0
DA:21,0
DA:32,0
DA:35,0
DA:41,0
DA:50,0
DA:60,0
DA:61,0
DA:68,0
DA:69,0
DA:71,0
DA:72,0
DA:80,0
DA:91,0
DA:94,0
DA:100,0
DA:103,0
DA:111,0
DA:113,0
DA:114,0
DA:120,0
DA:125,0
DA:127,0
DA:128,0
DA:129,0
DA:135,0
DA:136,0
DA:138,0
DA:146,0
DA:147,0
DA:149,0
DA:158,0
DA:160,0
DA:169,0
DA:171,0
DA:188,0
DA:203,0
DA:211,0
DA:230,0
DA:231,0
DA:232,0
DA:234,0
DA:236,0
DA:246,0
DA:249,0
DA:371,0
DA:374,0
DA:375,0
DA:379,0
DA:382,0
DA:389,0
DA:397,0
DA:398,0
DA:399,0
DA:400,0
DA:401,0
DA:412,0
DA:413,0
DA:414,0
DA:415,0
DA:416,0
DA:419,0
DA:420,0
DA:421,0
DA:422,0
DA:423,0
DA:427,0
DA:428,0
DA:429,0
DA:430,0
DA:440,0
DA:441,0
DA:445,0
DA:446,0
DA:447,0
DA:448,0
DA:449,0
DA:450,0
DA:454,0
DA:455,0
DA:456,0
DA:458,0
DA:459,0
DA:460,0
DA:461,0
DA:465,0
DA:466,0
DA:470,0
DA:471,0
DA:478,0
DA:479,0
DA:480,0
DA:481,0
DA:482,0
DA:483,0
DA:485,0
DA:486,0
DA:487,0
DA:488,0
DA:489,0
DA:490,0
DA:491,0
DA:493,0
DA:494,0
DA:495,0
DA:497,0
DA:501,0
DA:502,0
DA:506,0
DA:510,0
DA:511,0
DA:512,0
DA:513,0
DA:514,0
DA:515,0
DA:516,0
DA:517,0
DA:520,0
DA:521,0
DA:522,0
DA:524,0
DA:525,0
DA:528,0
DA:529,0
DA:530,0
DA:531,0
DA:533,0
DA:538,0
DA:539,0
DA:540,0
DA:541,0
DA:542,0
DA:543,0
DA:544,0
DA:548,0
DA:549,0
DA:550,0
DA:551,0
DA:552,0
DA:553,0
DA:554,0
LF:144
LH:0
BRDA:383,0,0,0
BRDA:383,0,1,0
BRDA:383,0,2,0
BRDA:390,1,0,0
BRDA:390,1,1,0
BRDA:390,1,2,0
BRDA:423,2,0,0
BRDA:423,2,1,0
BRDA:427,3,0,0
BRDA:427,3,1,0
BRDA:445,4,0,0
BRDA:445,4,1,0
BRDA:454,5,0,0
BRDA:454,5,1,0
BRDA:459,6,0,0
BRDA:459,6,1,0
BRDA:470,7,0,0
BRDA:470,7,1,0
BRDA:480,8,0,0
BRDA:480,8,1,0
BRDA:481,9,0,0
BRDA:481,9,1,0
BRDA:506,10,0,0
BRDA:506,10,1,0
BRDA:507,11,0,0
BRDA:507,11,1,0
BRDA:507,11,2,0
BRDA:513,12,0,0
BRDA:513,12,1,0
BRDA:516,13,0,0
BRDA:516,13,1,0
BRDA:524,14,0,0
BRDA:524,14,1,0
BRDA:538,15,0,0
BRDA:538,15,1,0
BRDA:548,16,0,0
BRDA:548,16,1,0
BRDA:8,17,0,0
BRDA:8,17,1,0
BRDA:5,18,0,0
BRDA:5,18,1,0
BRDA:11,19,0,0
BRDA:11,19,1,0
BRDA:16,20,0,0
BRDA:16,20,1,0
BRDA:17,21,0,0
BRDA:17,21,1,0
BRDA:33,22,0,0
BRDA:33,22,1,0
BRDA:34,23,0,0
BRDA:36,24,0,0
BRDA:36,24,1,0
BRDA:39,25,0,0
BRDA:39,25,1,0
BRDA:55,26,0,0
BRDA:55,26,1,0
BRDA:52,27,0,0
BRDA:52,27,1,0
BRDA:56,28,0,0
BRDA:56,28,1,0
BRDA:59,29,0,0
BRDA:59,29,1,0
BRDA:69,30,0,0
BRDA:69,30,1,0
BRDA:70,31,0,0
BRDA:79,32,0,0
BRDA:82,33,0,0
BRDA:82,33,1,0
BRDA:82,34,0,0
BRDA:82,34,1,0
BRDA:90,35,0,0
BRDA:99,36,0,0
BRDA:99,36,1,0
BRDA:94,37,0,0
BRDA:94,37,1,0
BRDA:108,38,0,0
BRDA:108,38,1,0
BRDA:103,39,0,0
BRDA:103,39,1,0
BRDA:123,40,0,0
BRDA:123,40,1,0
BRDA:133,41,0,0
BRDA:133,41,1,0
BRDA:129,42,0,0
BRDA:129,42,1,0
BRDA:138,43,0,0
BRDA:138,43,1,0
BRDA:149,44,0,0
BRDA:149,44,1,0
BRDA:157,45,0,0
BRDA:160,46,0,0
BRDA:160,46,1,0
BRDA:172,47,0,0
BRDA:172,47,1,0
BRDA:175,48,0,0
BRDA:175,48,1,0
BRDA:188,49,0,0
BRDA:188,49,1,0
BRDA:189,50,0,0
BRDA:189,50,1,0
BRDA:189,51,0,0
BRDA:189,51,1,0
BRDA:192,52,0,0
BRDA:192,52,1,0
BRDA:192,53,0,0
BRDA:192,53,1,0
BRDA:199,54,0,0
BRDA:199,54,1,0
BRDA:200,55,0,0
BRDA:200,55,1,0
BRDA:205,56,0,0
BRDA:205,56,1,0
BRF:112
BRH:0
end_of_record
TN:
SF:src\components\layout\DeviceDetailPanel.vue
FN:143,(anonymous_0)
FN:144,(anonymous_1)
FN:145,(anonymous_2)
FN:146,(anonymous_3)
FN:146,(anonymous_4)
FN:147,(anonymous_5)
FN:147,(anonymous_6)
FN:149,(anonymous_7)
FN:157,applyVisualType
FN:163,(anonymous_9)
FN:175,bar
FN:176,fmt
FN:178,isolate
FN:179,recover
FN:181,acknowledge
FN:187,unacknowledge
FN:194,saveAssignment
FN:200,saveAnnotation
FN:205,(anonymous_18)
FN:210,unmapDevice
FN:216,ts
FN:14,(anonymous_21)
FN:32,(anonymous_22)
FN:40,(anonymous_23)
FN:49,(anonymous_24)
FN:67,(anonymous_25)
FN:70,(anonymous_26)
FN:70,(anonymous_27)
FN:74,(anonymous_28)
FN:75,(anonymous_29)
FN:75,(anonymous_30)
FN:88,(anonymous_31)
FN:91,(anonymous_32)
FN:94,(anonymous_33)
FN:107,(anonymous_34)
FN:112,(anonymous_35)
FNF:36
FNH:0
FNDA:0,(anonymous_0)
FNDA:0,(anonymous_1)
FNDA:0,(anonymous_2)
FNDA:0,(anonymous_3)
FNDA:0,(anonymous_4)
FNDA:0,(anonymous_5)
FNDA:0,(anonymous_6)
FNDA:0,(anonymous_7)
FNDA:0,applyVisualType
FNDA:0,(anonymous_9)
FNDA:0,bar
FNDA:0,fmt
FNDA:0,isolate
FNDA:0,recover
FNDA:0,acknowledge
FNDA:0,unacknowledge
FNDA:0,saveAssignment
FNDA:0,saveAnnotation
FNDA:0,(anonymous_18)
FNDA:0,unmapDevice
FNDA:0,ts
FNDA:0,(anonymous_21)
FNDA:0,(anonymous_22)
FNDA:0,(anonymous_23)
FNDA:0,(anonymous_24)
FNDA:0,(anonymous_25)
FNDA:0,(anonymous_26)
FNDA:0,(anonymous_27)
FNDA:0,(anonymous_28)
FNDA:0,(anonymous_29)
FNDA:0,(anonymous_30)
FNDA:0,(anonymous_31)
FNDA:0,(anonymous_32)
FNDA:0,(anonymous_33)
FNDA:0,(anonymous_34)
FNDA:0,(anonymous_35)
DA:2,0
DA:3,0
DA:4,0
DA:9,0
DA:10,0
DA:14,0
DA:18,0
DA:19,0
DA:21,0
DA:22,0
DA:23,0
DA:24,0
DA:25,0
DA:26,0
DA:32,0
DA:33,0
DA:34,0
DA:39,0
DA:40,0
DA:42,0
DA:43,0
DA:44,0
DA:46,0
DA:49,0
DA:51,0
DA:52,0
DA:53,0
DA:54,0
DA:55,0
DA:66,0
DA:67,0
DA:68,0
DA:69,0
DA:70,0
DA:74,0
DA:75,0
DA:86,0
DA:88,0
DA:91,0
DA:94,0
DA:102,0
DA:107,0
DA:111,0
DA:112,0
DA:129,0
DA:130,0
DA:132,0
DA:133,0
DA:135,0
DA:136,0
DA:137,0
DA:138,0
DA:139,0
DA:140,0
DA:141,0
DA:143,0
DA:144,0
DA:145,0
DA:146,0
DA:147,0
DA:149,0
DA:150,0
DA:151,0
DA:152,0
DA:153,0
DA:154,0
DA:158,0
DA:159,0
DA:160,0
DA:163,0
DA:164,0
DA:165,0
DA:166,0
DA:175,0
DA:176,0
DA:178,0
DA:179,0
DA:182,0
DA:183,0
DA:184,0
DA:185,0
DA:188,0
DA:189,0
DA:190,0
DA:191,0
DA:195,0
DA:196,0
DA:197,0
DA:201,0
DA:202,0
DA:205,0
DA:207,0
DA:211,0
DA:212,0
DA:213,0
DA:216,0
LF:96
LH:0
BRDA:143,0,0,0
BRDA:143,0,1,0
BRDA:143,1,0,0
BRDA:143,1,1,0
BRDA:144,2,0,0
BRDA:144,2,1,0
BRDA:144,3,0,0
BRDA:144,3,1,0
BRDA:145,4,0,0
BRDA:145,4,1,0
BRDA:145,5,0,0
BRDA:145,5,1,0
BRDA:150,6,0,0
BRDA:150,6,1,0
BRDA:151,7,0,0
BRDA:151,7,1,0
BRDA:152,8,0,0
BRDA:152,8,1,0
BRDA:153,9,0,0
BRDA:153,9,1,0
BRDA:154,10,0,0
BRDA:154,10,1,0
BRDA:158,11,0,0
BRDA:158,11,1,0
BRDA:159,12,0,0
BRDA:159,12,1,0
BRDA:165,13,0,0
BRDA:165,13,1,0
BRDA:167,14,0,0
BRDA:167,14,1,0
BRDA:167,15,0,0
BRDA:167,15,1,0
BRDA:167,16,0,0
BRDA:167,16,1,0
BRDA:168,17,0,0
BRDA:168,17,1,0
BRDA:168,18,0,0
BRDA:168,18,1,0
BRDA:168,19,0,0
BRDA:168,19,1,0
BRDA:169,20,0,0
BRDA:169,20,1,0
BRDA:169,21,0,0
BRDA:169,21,1,0
BRDA:169,22,0,0
BRDA:169,22,1,0
BRDA:170,23,0,0
BRDA:170,23,1,0
BRDA:170,24,0,0
BRDA:170,24,1,0
BRDA:171,25,0,0
BRDA:171,25,1,0
BRDA:171,26,0,0
BRDA:171,26,1,0
BRDA:171,27,0,0
BRDA:171,27,1,0
BRDA:175,28,0,0
BRDA:175,28,1,0
BRDA:175,29,0,0
BRDA:175,29,1,0
BRDA:176,30,0,0
BRDA:176,30,1,0
BRDA:176,31,0,0
BRDA:176,31,1,0
BRDA:178,32,0,0
BRDA:178,32,1,0
BRDA:179,33,0,0
BRDA:179,33,1,0
BRDA:182,34,0,0
BRDA:182,34,1,0
BRDA:188,35,0,0
BRDA:188,35,1,0
BRDA:195,36,0,0
BRDA:195,36,1,0
BRDA:197,37,0,0
BRDA:197,37,1,0
BRDA:201,38,0,0
BRDA:201,38,1,0
BRDA:203,39,0,0
BRDA:203,39,1,0
BRDA:204,40,0,0
BRDA:204,40,1,0
BRDA:205,41,0,0
BRDA:205,41,1,0
BRDA:211,42,0,0
BRDA:211,42,1,0
BRDA:2,43,0,0
BRDA:9,44,0,0
BRDA:9,44,1,0
BRDA:12,45,0,0
BRDA:12,45,1,0
BRDA:12,46,0,0
BRDA:12,46,1,0
BRDA:12,47,0,0
BRDA:12,47,1,0
BRDA:13,48,0,0
BRDA:13,48,1,0
BRDA:14,49,0,0
BRDA:14,49,1,0
BRDA:28,50,0,0
BRDA:28,50,1,0
BRDA:22,51,0,0
BRDA:22,51,1,0
BRDA:22,52,0,0
BRDA:22,52,1,0
BRDA:23,53,0,0
BRDA:23,53,1,0
BRDA:23,54,0,0
BRDA:23,54,1,0
BRDA:24,55,0,0
BRDA:24,55,1,0
BRDA:24,56,0,0
BRDA:24,56,1,0
BRDA:25,57,0,0
BRDA:25,57,1,0
BRDA:26,58,0,0
BRDA:26,58,1,0
BRDA:30,59,0,0
BRDA:37,60,0,0
BRDA:37,60,1,0
BRDA:40,61,0,0
BRDA:40,61,1,0
BRDA:46,62,0,0
BRDA:46,62,1,0
BRDA:48,63,0,0
BRDA:52,64,0,0
BRDA:52,64,1,0
BRDA:53,65,0,0
BRDA:53,65,1,0
BRDA:54,66,0,0
BRDA:54,66,1,0
BRDA:59,67,0,0
BRDA:59,67,1,0
BRDA:64,68,0,0
BRDA:64,68,1,0
BRDA:82,69,0,0
BRDA:82,69,1,0
BRDA:67,70,0,0
BRDA:67,70,1,0
BRDA:68,71,0,0
BRDA:68,71,1,0
BRDA:74,72,0,0
BRDA:84,73,0,0
BRDA:98,74,0,0
BRDA:98,74,1,0
BRDA:89,75,0,0
BRDA:89,75,1,0
BRDA:88,76,0,0
BRDA:88,76,1,0
BRDA:92,77,0,0
BRDA:92,77,1,0
BRDA:91,78,0,0
BRDA:91,78,1,0
BRDA:95,79,0,0
BRDA:95,79,1,0
BRDA:94,80,0,0
BRDA:94,80,1,0
BRDA:100,81,0,0
BRDA:101,82,0,0
BRDA:101,82,1,0
BRDA:107,83,0,0
BRDA:107,83,1,0
BRDA:107,84,0,0
BRDA:107,84,1,0
BRDA:108,85,0,0
BRDA:108,85,1,0
BRDA:109,86,0,0
BRDA:109,86,1,0
BRDA:112,87,0,0
BRDA:112,87,1,0
BRDA:115,88,0,0
BRDA:115,88,1,0
BRF:172
BRH:0
end_of_record
TN:
SF:src\components\layout\LinkPropertyPanel.vue
FN:65,(anonymous_0)
FN:66,(anonymous_1)
FN:67,(anonymous_2)
FN:68,(anonymous_3)
FN:69,(anonymous_4)
FN:73,(anonymous_5)
FN:75,save
FN:81,deleteLink
FN:11,(anonymous_8)
FN:32,(anonymous_9)
FN:39,(anonymous_10)
FNF:11
FNH:0
FNDA:0,(anonymous_0)
FNDA:0,(anonymous_1)
FNDA:0,(anonymous_2)
FNDA:0,(anonymous_3)
FNDA:0,(anonymous_4)
FNDA:0,(anonymous_5)
FNDA:0,save
FNDA:0,deleteLink
FNDA:0,(anonymous_8)
FNDA:0,(anonymous_9)
FNDA:0,(anonymous_10)
DA:2,0
DA:3,0
DA:4,0
DA:7,0
DA:8,0
DA:11,0
DA:15,0
DA:16,0
DA:18,0
DA:19,0
DA:21,0
DA:22,0
DA:23,0
DA:24,0
DA:30,0
DA:32,0
DA:39,0
DA:56,0
DA:57,0
DA:59,0
DA:65,0
DA:66,0
DA:67,0
DA:68,0
DA:69,0
DA:71,0
DA:72,0
DA:73,0
DA:76,0
DA:77,0
DA:78,0
DA:82,0
DA:83,0
DA:84,0
DA:85,0
LF:35
LH:0
BRDA:65,0,0,0
BRDA:65,0,1,0
BRDA:65,1,0,0
BRDA:65,1,1,0
BRDA:66,2,0,0
BRDA:66,2,1,0
BRDA:67,3,0,0
BRDA:67,3,1,0
BRDA:68,4,0,0
BRDA:68,4,1,0
BRDA:69,5,0,0
BRDA:69,5,1,0
BRDA:73,6,0,0
BRDA:73,6,1,0
BRDA:73,7,0,0
BRDA:73,7,1,0
BRDA:76,8,0,0
BRDA:76,8,1,0
BRDA:77,9,0,0
BRDA:77,9,1,0
BRDA:78,10,0,0
BRDA:78,10,1,0
BRDA:82,11,0,0
BRDA:82,11,1,0
BRDA:83,12,0,0
BRDA:83,12,1,0
BRDA:2,13,0,0
BRDA:11,14,0,0
BRDA:11,14,1,0
BRDA:26,15,0,0
BRDA:26,15,1,0
BRDA:19,16,0,0
BRDA:19,16,1,0
BRDA:20,17,0,0
BRDA:20,17,1,0
BRDA:20,18,0,0
BRDA:20,18,1,0
BRDA:21,19,0,0
BRDA:21,19,1,0
BRDA:22,20,0,0
BRDA:22,20,1,0
BRDA:22,21,0,0
BRDA:22,21,1,0
BRDA:23,22,0,0
BRDA:23,22,1,0
BRDA:23,23,0,0
BRDA:23,23,1,0
BRDA:24,24,0,0
BRDA:24,24,1,0
BRDA:24,25,0,0
BRDA:24,25,1,0
BRDA:28,26,0,0
BRDA:28,27,0,0
BRDA:28,27,1,0
BRDA:44,28,0,0
BRDA:44,28,1,0
BRDA:37,29,0,0
BRDA:37,29,1,0
BRDA:32,30,0,0
BRDA:32,30,1,0
BRDA:40,31,0,0
BRDA:40,31,1,0
BRDA:39,32,0,0
BRDA:39,32,1,0
BRF:64
BRH:0
end_of_record
TN:
SF:src\components\layout\MinimapPanel.vue
FN:33,onClick
FN:40,(anonymous_1)
FN:47,startLoop
FN:48,(anonymous_3)
FN:58,(anonymous_4)
FN:65,(anonymous_5)
FN:65,(anonymous_6)
FN:69,(anonymous_7)
FN:8,(anonymous_8)
FNF:9
FNH:0
FNDA:0,onClick
FNDA:0,(anonymous_1)
FNDA:0,startLoop
FNDA:0,(anonymous_3)
FNDA:0,(anonymous_4)
FNDA:0,(anonymous_5)
FNDA:0,(anonymous_6)
FNDA:0,(anonymous_7)
FNDA:0,(anonymous_8)
DA:2,0
DA:8,0
DA:20,0
DA:25,0
DA:26,0
DA:27,0
DA:28,0
DA:29,0
DA:30,0
DA:31,0
DA:34,0
DA:35,0
DA:36,0
DA:37,0
DA:40,0
DA:41,0
DA:42,0
DA:43,0
DA:44,0
DA:48,0
DA:49,0
DA:50,0
DA:51,0
DA:52,0
DA:53,0
DA:59,0
DA:62,0
DA:65,0
DA:66,0
DA:69,0
LF:30
LH:0
BRDA:34,0,0,0
BRDA:34,0,1,0
BRDA:34,1,0,0
BRDA:34,1,1,0
BRDA:41,2,0,0
BRDA:41,2,1,0
BRDA:50,3,0,0
BRDA:50,3,1,0
BRDA:50,4,0,0
BRDA:50,4,1,0
BRDA:69,5,0,0
BRDA:69,5,1,0
BRDA:2,6,0,0
BRDA:2,6,1,0
BRDA:8,7,0,0
BRDA:8,7,1,0
BRF:16
BRH:0
end_of_record
TN:
SF:src\components\layout\RackServerListPanel.vue
FN:68,(anonymous_0)
FN:74,(anonymous_1)
FN:79,(anonymous_2)
FN:80,(anonymous_3)
FN:95,(anonymous_4)
FN:96,(anonymous_5)
FN:98,(anonymous_6)
FN:99,(anonymous_7)
FN:101,(anonymous_8)
FN:102,(anonymous_9)
FN:105,selectDevice
FN:109,close
FN:19,(anonymous_12)
FN:23,(anonymous_13)
FN:24,(anonymous_14)
FN:25,(anonymous_15)
FNF:16
FNH:0
FNDA:0,(anonymous_0)
FNDA:0,(anonymous_1)
FNDA:0,(anonymous_2)
FNDA:0,(anonymous_3)
FNDA:0,(anonymous_4)
FNDA:0,(anonymous_5)
FNDA:0,(anonymous_6)
FNDA:0,(anonymous_7)
FNDA:0,(anonymous_8)
FNDA:0,(anonymous_9)
FNDA:0,selectDevice
FNDA:0,close
FNDA:0,(anonymous_12)
FNDA:0,(anonymous_13)
FNDA:0,(anonymous_14)
FNDA:0,(anonymous_15)
DA:2,0
DA:3,0
DA:4,0
DA:5,0
DA:6,0
DA:7,0
DA:8,0
DA:17,0
DA:18,0
DA:23,0
DA:24,0
DA:25,0
DA:40,0
DA:41,0
DA:42,0
DA:64,0
DA:65,0
DA:66,0
DA:68,0
DA:69,0
DA:74,0
DA:75,0
DA:76,0
DA:79,0
DA:80,0
DA:81,0
DA:89,0
DA:95,0
DA:96,0
DA:98,0
DA:99,0
DA:101,0
DA:102,0
DA:106,0
DA:110,0
DA:111,0
LF:36
LH:0
BRDA:69,0,0,0
BRDA:69,0,1,0
BRDA:70,1,0,0
BRDA:70,1,1,0
BRDA:75,2,0,0
BRDA:75,2,1,0
BRDA:76,3,0,0
BRDA:76,3,1,0
BRDA:90,4,0,0
BRDA:90,4,1,0
BRDA:90,5,0,0
BRDA:90,5,1,0
BRDA:90,6,0,0
BRDA:90,6,1,0
BRDA:90,7,0,0
BRDA:90,7,1,0
BRDA:2,8,0,0
BRDA:13,9,0,0
BRDA:13,9,1,0
BRDA:25,10,0,0
BRDA:25,10,1,0
BRDA:29,11,0,0
BRDA:29,11,1,0
BRDA:41,12,0,0
BRDA:41,12,1,0
BRDA:42,13,0,0
BRDA:42,13,1,0
BRDA:44,14,0,0
BRDA:44,14,1,0
BRDA:45,15,0,0
BRDA:45,15,1,0
BRDA:46,16,0,0
BRDA:46,16,1,0
BRDA:48,17,0,0
BRDA:48,17,1,0
BRDA:49,18,0,0
BRDA:49,18,1,0
BRF:37
BRH:0
end_of_record
TN:
SF:src\components\layout\SavedViewPanel.vue
FN:36,saveCurrentView
FN:42,loadView
FN:6,(anonymous_2)
FN:12,(anonymous_3)
FN:13,(anonymous_4)
FN:17,(anonymous_5)
FNF:6
FNH:0
FNDA:0,saveCurrentView
FNDA:0,loadView
FNDA:0,(anonymous_2)
FNDA:0,(anonymous_3)
FNDA:0,(anonymous_4)
FNDA:0,(anonymous_5)
DA:2,0
DA:3,0
DA:6,0
DA:11,0
DA:12,0
DA:13,0
DA:14,0
DA:15,0
DA:17,0
DA:28,0
DA:29,0
DA:31,0
DA:37,0
DA:38,0
DA:39,0
DA:43,0
LF:16
LH:0
BRDA:37,0,0,0
BRDA:37,0,1,0
BRDA:38,1,0,0
BRDA:38,1,1,0
BRDA:4,2,0,0
BRDA:4,2,1,0
BRDA:6,3,0,0
BRDA:6,3,1,0
BRDA:9,4,0,0
BRDA:9,4,1,0
BRF:10
BRH:0
end_of_record
TN:
SF:src\components\layout\SpacePropertyPanel.vue
FN:59,(anonymous_0)
FN:60,(anonymous_1)
FN:67,(anonymous_2)
FN:74,(anonymous_3)
FN:80,applyName
FN:87,applySize
FN:96,archive
FN:6,(anonymous_7)
FN:21,(anonymous_8)
FN:29,(anonymous_9)
FN:36,(anonymous_10)
FNF:11
FNH:0
FNDA:0,(anonymous_0)
FNDA:0,(anonymous_1)
FNDA:0,(anonymous_2)
FNDA:0,(anonymous_3)
FNDA:0,applyName
FNDA:0,applySize
FNDA:0,archive
FNDA:0,(anonymous_7)
FNDA:0,(anonymous_8)
FNDA:0,(anonymous_9)
FNDA:0,(anonymous_10)
DA:2,0
DA:3,0
DA:4,0
DA:5,0
DA:6,0
DA:9,0
DA:12,0
DA:13,0
DA:14,0
DA:15,0
DA:19,0
DA:21,0
DA:26,0
DA:29,0
DA:31,0
DA:33,0
DA:36,0
DA:38,0
DA:55,0
DA:56,0
DA:57,0
DA:59,0
DA:60,0
DA:61,0
DA:63,0
DA:64,0
DA:65,0
DA:67,0
DA:68,0
DA:69,0
DA:70,0
DA:71,0
DA:74,0
DA:75,0
DA:76,0
DA:77,0
DA:81,0
DA:82,0
DA:83,0
DA:84,0
DA:88,0
DA:89,0
DA:90,0
DA:93,0
DA:97,0
DA:98,0
DA:99,0
DA:100,0
DA:101,0
DA:102,0
DA:103,0
LF:51
LH:0
BRDA:59,0,0,0
BRDA:59,0,1,0
BRDA:59,1,0,0
BRDA:59,1,1,0
BRDA:61,2,0,0
BRDA:61,2,1,0
BRDA:61,3,0,0
BRDA:61,3,1,0
BRDA:69,4,0,0
BRDA:69,4,1,0
BRDA:70,5,0,0
BRDA:70,5,1,0
BRDA:75,6,0,0
BRDA:75,6,1,0
BRDA:76,7,0,0
BRDA:76,7,1,0
BRDA:77,8,0,0
BRDA:77,8,1,0
BRDA:81,9,0,0
BRDA:81,9,1,0
BRDA:82,10,0,0
BRDA:82,10,1,0
BRDA:88,11,0,0
BRDA:88,11,1,0
BRDA:89,12,0,0
BRDA:89,12,1,0
BRDA:89,13,0,0
BRDA:89,13,1,0
BRDA:97,14,0,0
BRDA:97,14,1,0
BRDA:98,15,0,0
BRDA:98,15,1,0
BRDA:99,16,0,0
BRDA:99,16,1,0
BRDA:2,17,0,0
BRDA:6,18,0,0
BRDA:6,18,1,0
BRDA:10,19,0,0
BRDA:17,20,0,0
BRDA:17,20,1,0
BRDA:13,21,0,0
BRDA:13,21,1,0
BRDA:14,22,0,0
BRDA:14,22,1,0
BRDA:15,23,0,0
BRDA:15,23,1,0
BRDA:22,24,0,0
BRDA:22,24,1,0
BRDA:21,25,0,0
BRDA:21,25,1,0
BRDA:24,26,0,0
BRDA:24,27,0,0
BRDA:24,27,1,0
BRDA:25,28,0,0
BRDA:25,28,1,0
BRDA:27,29,0,0
BRDA:27,29,1,0
BRDA:29,30,0,0
BRDA:29,30,1,0
BRDA:34,31,0,0
BRDA:34,31,1,0
BRDA:36,32,0,0
BRDA:36,32,1,0
BRDA:42,33,0,0
BRDA:42,33,1,0
BRF:65
BRH:0
end_of_record
TN:
SF:src\components\layout\SpaceTreeNode.vue
FN:92,(anonymous_0)
FN:93,(anonymous_1)
FN:94,(anonymous_2)
FN:95,(anonymous_3)
FN:97,(anonymous_4)
FN:99,(anonymous_5)
FN:100,(anonymous_6)
FN:102,(anonymous_7)
FN:104,(anonymous_8)
FN:105,(anonymous_9)
FN:108,(anonymous_10)
FN:7,(anonymous_11)
FN:9,(anonymous_12)
FN:21,(anonymous_13)
FN:29,(anonymous_14)
FN:37,(anonymous_15)
FN:42,(anonymous_16)
FN:43,(anonymous_17)
FN:44,(anonymous_18)
FN:45,(anonymous_19)
FN:46,(anonymous_20)
FN:52,(anonymous_21)
FNF:22
FNH:0
FNDA:0,(anonymous_0)
FNDA:0,(anonymous_1)
FNDA:0,(anonymous_2)
FNDA:0,(anonymous_3)
FNDA:0,(anonymous_4)
FNDA:0,(anonymous_5)
FNDA:0,(anonymous_6)
FNDA:0,(anonymous_7)
FNDA:0,(anonymous_8)
FNDA:0,(anonymous_9)
FNDA:0,(anonymous_10)
FNDA:0,(anonymous_11)
FNDA:0,(anonymous_12)
FNDA:0,(anonymous_13)
FNDA:0,(anonymous_14)
FNDA:0,(anonymous_15)
FNDA:0,(anonymous_16)
FNDA:0,(anonymous_17)
FNDA:0,(anonymous_18)
FNDA:0,(anonymous_19)
FNDA:0,(anonymous_20)
FNDA:0,(anonymous_21)
DA:2,0
DA:7,0
DA:9,0
DA:13,0
DA:14,0
DA:21,0
DA:29,0
DA:36,0
DA:42,0
DA:43,0
DA:44,0
DA:45,0
DA:46,0
DA:52,0
DA:66,0
DA:80,0
DA:81,0
DA:83,0
DA:88,0
DA:92,0
DA:93,0
DA:94,0
DA:95,0
DA:97,0
DA:99,0
DA:100,0
DA:102,0
DA:103,0
DA:104,0
DA:105,0
DA:106,0
DA:108,0
DA:109,0
LF:33
LH:0
BRDA:94,0,0,0
BRDA:94,0,1,0
BRDA:95,1,0,0
BRDA:95,1,1,0
BRDA:100,2,0,0
BRDA:100,2,1,0
BRDA:104,3,0,0
BRDA:104,3,1,0
BRDA:105,4,0,0
BRDA:105,4,1,0
BRDA:109,5,0,0
BRDA:109,5,1,0
BRDA:109,6,0,0
BRDA:109,6,1,0
BRDA:5,7,0,0
BRDA:5,7,1,0
BRDA:7,8,0,0
BRDA:7,8,1,0
BRDA:9,9,0,0
BRDA:9,9,1,0
BRDA:9,10,0,0
BRDA:9,10,1,0
BRDA:10,11,0,0
BRDA:10,11,1,0
BRDA:15,12,0,0
BRDA:15,12,1,0
BRDA:18,13,0,0
BRDA:18,13,1,0
BRDA:21,14,0,0
BRDA:21,14,1,0
BRDA:26,15,0,0
BRDA:26,15,1,0
BRDA:29,16,0,0
BRDA:29,16,1,0
BRDA:35,17,0,0
BRDA:42,18,0,0
BRDA:42,18,1,0
BRDA:43,19,0,0
BRDA:43,19,1,0
BRDA:44,20,0,0
BRDA:44,20,1,0
BRDA:45,21,0,0
BRDA:45,21,1,0
BRDA:46,22,0,0
BRDA:46,22,1,0
BRDA:49,23,0,0
BRDA:49,23,1,0
BRDA:49,24,0,0
BRDA:49,24,1,0
BRDA:52,25,0,0
BRDA:52,25,1,0
BRF:51
BRH:0
end_of_record
TN:
SF:src\components\layout\SpaceTreePanel.vue
FN:138,(anonymous_0)
FN:139,(anonymous_1)
FN:151,toggleOpen
FN:156,focusSpace
FN:161,openAddChild
FN:170,confirmAdd
FN:208,cancelAdd
FN:214,startEdit
FN:220,confirmEdit
FN:230,archiveSpace
FN:10,(anonymous_10)
FN:14,(anonymous_11)
FN:22,(anonymous_12)
FN:40,(anonymous_13)
FN:43,(anonymous_14)
FN:51,(anonymous_15)
FN:61,(anonymous_16)
FN:95,(anonymous_17)
FN:73,(anonymous_18)
FN:86,(anonymous_19)
FN:112,(anonymous_20)
FN:102,(anonymous_21)
FN:108,(anonymous_22)
FNF:23
FNH:0
FNDA:0,(anonymous_0)
FNDA:0,(anonymous_1)
FNDA:0,toggleOpen
FNDA:0,focusSpace
FNDA:0,openAddChild
FNDA:0,confirmAdd
FNDA:0,cancelAdd
FNDA:0,startEdit
FNDA:0,confirmEdit
FNDA:0,archiveSpace
FNDA:0,(anonymous_10)
FNDA:0,(anonymous_11)
FNDA:0,(anonymous_12)
FNDA:0,(anonymous_13)
FNDA:0,(anonymous_14)
FNDA:0,(anonymous_15)
FNDA:0,(anonymous_16)
FNDA:0,(anonymous_17)
FNDA:0,(anonymous_18)
FNDA:0,(anonymous_19)
FNDA:0,(anonymous_20)
FNDA:0,(anonymous_21)
FNDA:0,(anonymous_22)
DA:2,0
DA:3,0
DA:5,0
DA:10,0
DA:14,0
DA:20,0
DA:21,0
DA:39,0
DA:43,0
DA:47,0
DA:51,0
DA:61,0
DA:73,0
DA:86,0
DA:95,0
DA:102,0
DA:106,0
DA:108,0
DA:112,0
DA:125,0
DA:126,0
DA:127,0
DA:129,0
DA:130,0
DA:131,0
DA:132,0
DA:133,0
DA:134,0
DA:135,0
DA:136,0
DA:138,0
DA:139,0
DA:141,0
DA:152,0
DA:153,0
DA:157,0
DA:158,0
DA:162,0
DA:163,0
DA:164,0
DA:165,0
DA:166,0
DA:167,0
DA:171,0
DA:172,0
DA:173,0
DA:174,0
DA:177,0
DA:179,0
DA:201,0
DA:205,0
DA:209,0
DA:210,0
DA:211,0
DA:215,0
DA:216,0
DA:217,0
DA:221,0
DA:222,0
DA:223,0
DA:224,0
DA:225,0
DA:226,0
DA:227,0
DA:231,0
DA:232,0
DA:233,0
DA:234,0
DA:235,0
LF:69
LH:0
BRDA:141,0,0,0
BRDA:141,0,1,0
BRDA:152,1,0,0
BRDA:152,1,1,0
BRDA:162,2,0,0
BRDA:162,2,1,0
BRDA:171,3,0,0
BRDA:171,3,1,0
BRDA:172,4,0,0
BRDA:172,4,1,0
BRDA:174,5,0,0
BRDA:174,5,1,0
BRDA:177,6,0,0
BRDA:177,6,1,0
BRDA:182,7,0,0
BRDA:182,7,1,0
BRDA:186,8,0,0
BRDA:186,8,1,0
BRDA:194,9,0,0
BRDA:194,9,1,0
BRDA:196,10,0,0
BRDA:196,10,1,0
BRDA:215,11,0,0
BRDA:215,11,1,0
BRDA:221,12,0,0
BRDA:221,12,1,0
BRDA:222,13,0,0
BRDA:222,13,1,0
BRDA:231,14,0,0
BRDA:231,14,1,0
BRDA:232,15,0,0
BRDA:232,15,1,0
BRDA:18,16,0,0
BRDA:18,16,1,0
BRDA:7,17,0,0
BRDA:7,17,1,0
BRDA:10,18,0,0
BRDA:10,18,1,0
BRDA:14,19,0,0
BRDA:14,19,1,0
BRDA:34,20,0,0
BRDA:56,21,0,0
BRDA:56,21,1,0
BRDA:45,22,0,0
BRDA:45,22,1,0
BRDA:46,23,0,0
BRDA:46,23,1,0
BRDA:49,24,0,0
BRDA:49,24,1,0
BRDA:59,25,0,0
BRDA:59,25,1,0
BRDA:61,26,0,0
BRDA:61,26,1,0
BRDA:69,27,0,0
BRDA:69,28,0,0
BRDA:69,28,1,0
BRDA:69,28,2,0
BRDA:72,29,0,0
BRDA:72,29,1,0
BRDA:73,30,0,0
BRDA:73,30,1,0
BRDA:86,31,0,0
BRDA:86,31,1,0
BRDA:99,32,0,0
BRDA:99,33,0,0
BRDA:99,33,1,0
BRDA:100,34,0,0
BRDA:100,34,1,0
BRDA:102,35,0,0
BRDA:102,35,1,0
BRDA:108,36,0,0
BRDA:108,36,1,0
BRF:72
BRH:0
end_of_record
TN:
SF:src\components\layout\TimelinePanel.vue
FN:48,(anonymous_0)
FN:49,(anonymous_1)
FN:54,toggleRecord
FN:60,(anonymous_3)
FN:62,(anonymous_4)
FN:70,onScrub
FN:74,exportTimeline
FN:79,exportLayout
FN:85,triggerImport
FN:89,onImport
FN:94,(anonymous_10)
FN:105,downloadJson
FN:13,(anonymous_12)
FN:19,(anonymous_13)
FN:29,(anonymous_14)
FNF:15
FNH:0
FNDA:0,(anonymous_0)
FNDA:0,(anonymous_1)
FNDA:0,toggleRecord
FNDA:0,(anonymous_3)
FNDA:0,(anonymous_4)
FNDA:0,onScrub
FNDA:0,exportTimeline
FNDA:0,exportLayout
FNDA:0,triggerImport
FNDA:0,onImport
FNDA:0,(anonymous_10)
FNDA:0,downloadJson
FNDA:0,(anonymous_12)
FNDA:0,(anonymous_13)
FNDA:0,(anonymous_14)
DA:2,0
DA:3,0
DA:13,0
DA:19,0
DA:24,0
DA:29,0
DA:40,0
DA:41,0
DA:43,0
DA:44,0
DA:45,0
DA:47,0
DA:48,0
DA:49,0
DA:50,0
DA:51,0
DA:55,0
DA:56,0
DA:57,0
DA:58,0
DA:60,0
DA:61,0
DA:62,0
DA:63,0
DA:65,0
DA:66,0
DA:71,0
DA:75,0
DA:76,0
DA:80,0
DA:81,0
DA:82,0
DA:86,0
DA:90,0
DA:91,0
DA:92,0
DA:93,0
DA:94,0
DA:95,0
DA:96,0
DA:97,0
DA:98,0
DA:99,0
DA:100,0
DA:102,0
DA:106,0
DA:107,0
DA:108,0
DA:109,0
DA:110,0
LF:50
LH:0
BRDA:50,0,0,0
BRDA:50,0,1,0
BRDA:55,1,0,0
BRDA:55,1,1,0
BRDA:92,2,0,0
BRDA:92,2,1,0
BRDA:2,3,0,0
BRDA:4,4,0,0
BRDA:4,4,1,0
BRDA:5,5,0,0
BRDA:5,5,1,0
BRDA:7,6,0,0
BRDA:7,6,1,0
BRDA:8,7,0,0
BRDA:8,7,1,0
BRDA:13,8,0,0
BRDA:13,8,1,0
BRDA:16,9,0,0
BRDA:17,10,0,0
BRDA:17,10,1,0
BRDA:19,11,0,0
BRDA:19,11,1,0
BRDA:24,12,0,0
BRDA:24,12,1,0
BRDA:27,13,0,0
BRDA:27,13,1,0
BRDA:30,14,0,0
BRDA:30,14,1,0
BRDA:29,15,0,0
BRDA:29,15,1,0
BRF:30
BRH:0
end_of_record
TN:
SF:src\components\layout\TopToolbar.vue
FN:144,(anonymous_0)
FN:145,(anonymous_1)
FN:152,toggleType
FN:154,(anonymous_3)
FN:159,onDocClick
FN:164,(anonymous_5)
FN:165,(anonymous_6)
FN:171,(anonymous_7)
FN:174,(anonymous_8)
FN:177,(anonymous_9)
FN:183,(anonymous_10)
FN:192,toggleBackgroundPanel
FN:201,(anonymous_12)
FN:202,(anonymous_13)
FN:208,onAutoLayoutClick
FN:5,(anonymous_15)
FN:8,(anonymous_16)
FN:10,(anonymous_17)
FN:15,(anonymous_18)
FN:28,(anonymous_19)
FN:33,(anonymous_20)
FN:37,(anonymous_21)
FN:44,(anonymous_22)
FN:55,(anonymous_23)
FN:79,(anonymous_24)
FN:85,(anonymous_25)
FN:95,(anonymous_26)
FN:118,(anonymous_27)
FN:124,(anonymous_28)
FNF:29
FNH:0
FNDA:0,(anonymous_0)
FNDA:0,(anonymous_1)
FNDA:0,toggleType
FNDA:0,(anonymous_3)
FNDA:0,onDocClick
FNDA:0,(anonymous_5)
FNDA:0,(anonymous_6)
FNDA:0,(anonymous_7)
FNDA:0,(anonymous_8)
FNDA:0,(anonymous_9)
FNDA:0,(anonymous_10)
FNDA:0,toggleBackgroundPanel
FNDA:0,(anonymous_12)
FNDA:0,(anonymous_13)
FNDA:0,onAutoLayoutClick
FNDA:0,(anonymous_15)
FNDA:0,(anonymous_16)
FNDA:0,(anonymous_17)
FNDA:0,(anonymous_18)
FNDA:0,(anonymous_19)
FNDA:0,(anonymous_20)
FNDA:0,(anonymous_21)
FNDA:0,(anonymous_22)
FNDA:0,(anonymous_23)
FNDA:0,(anonymous_24)
FNDA:0,(anonymous_25)
FNDA:0,(anonymous_26)
FNDA:0,(anonymous_27)
FNDA:0,(anonymous_28)
DA:2,0
DA:3,0
DA:5,0
DA:8,0
DA:10,0
DA:15,0
DA:28,0
DA:33,0
DA:37,0
DA:44,0
DA:55,0
DA:70,0
DA:76,0
DA:79,0
DA:85,0
DA:95,0
DA:118,0
DA:124,0
DA:139,0
DA:140,0
DA:141,0
DA:143,0
DA:144,0
DA:145,0
DA:148,0
DA:149,0
DA:150,0
DA:153,0
DA:154,0
DA:156,0
DA:160,0
DA:161,0
DA:164,0
DA:165,0
DA:171,0
DA:172,0
DA:174,0
DA:175,0
DA:177,0
DA:179,0
DA:183,0
DA:184,0
DA:193,0
DA:194,0
DA:195,0
DA:197,0
DA:198,0
DA:201,0
DA:202,0
DA:203,0
DA:204,0
DA:205,0
DA:209,0
DA:210,0
DA:211,0
DA:215,0
DA:216,0
DA:217,0
LF:58
LH:0
BRDA:144,0,0,0
BRDA:144,0,1,0
BRDA:145,1,0,0
BRDA:145,1,1,0
BRDA:153,2,0,0
BRDA:153,2,1,0
BRDA:160,3,0,0
BRDA:160,3,1,0
BRDA:160,4,0,0
BRDA:160,4,1,0
BRDA:179,5,0,0
BRDA:179,5,1,0
BRDA:179,5,2,0
BRDA:184,6,0,0
BRDA:184,6,1,0
BRDA:193,7,0,0
BRDA:193,7,1,0
BRDA:204,8,0,0
BRDA:204,8,1,0
BRDA:204,9,0,0
BRDA:204,9,1,0
BRDA:209,10,0,0
BRDA:209,10,1,0
BRDA:218,11,0,0
BRDA:218,11,1,0
BRDA:219,12,0,0
BRDA:219,12,1,0
BRDA:5,13,0,0
BRDA:5,13,1,0
BRDA:8,14,0,0
BRDA:8,14,1,0
BRDA:10,15,0,0
BRDA:10,15,1,0
BRDA:10,16,0,0
BRDA:10,16,1,0
BRDA:15,17,0,0
BRDA:15,17,1,0
BRDA:28,18,0,0
BRDA:28,18,1,0
BRDA:30,19,0,0
BRDA:30,19,1,0
BRDA:32,20,0,0
BRDA:32,20,1,0
BRDA:42,21,0,0
BRDA:42,21,1,0
BRDA:44,22,0,0
BRDA:44,22,1,0
BRDA:55,23,0,0
BRDA:55,23,1,0
BRDA:55,24,0,0
BRDA:55,24,1,0
BRDA:60,25,0,0
BRDA:60,25,1,0
BRDA:66,26,0,0
BRDA:66,26,1,0
BRDA:72,27,0,0
BRDA:72,27,1,0
BRDA:74,28,0,0
BRDA:74,28,1,0
BRDA:78,29,0,0
BRDA:78,29,1,0
BRDA:79,30,0,0
BRDA:79,30,1,0
BRDA:84,31,0,0
BRDA:84,31,1,0
BRDA:85,32,0,0
BRDA:85,32,1,0
BRDA:92,33,0,0
BRDA:92,33,1,0
BRDA:95,34,0,0
BRDA:95,34,1,0
BRDA:101,35,0,0
BRDA:101,35,1,0
BRDA:110,36,0,0
BRDA:110,36,1,0
BRDA:112,37,0,0
BRDA:112,37,1,0
BRDA:115,38,0,0
BRDA:115,38,1,0
BRDA:118,39,0,0
BRDA:118,39,1,0
BRDA:118,40,0,0
BRDA:118,40,1,0
BRDA:123,41,0,0
BRDA:123,41,1,0
BRDA:124,42,0,0
BRDA:124,42,1,0
BRF:87
BRH:0
end_of_record
TN:
SF:src\components\layout\UnmappedPanel.vue
FN:137,submitAdd
FN:153,onDragStart
FN:163,onDragEnd
FN:167,ignoreDevice
FN:169,(anonymous_4)
FN:11,(anonymous_5)
FN:15,(anonymous_6)
FN:58,(anonymous_7)
FN:23,(anonymous_8)
FN:29,(anonymous_9)
FN:35,(anonymous_10)
FN:38,(anonymous_11)
FN:38,(anonymous_12)
FN:45,(anonymous_13)
FN:47,(anonymous_14)
FN:47,(anonymous_15)
FN:55,(anonymous_16)
FN:67,(anonymous_17)
FN:75,(anonymous_18)
FN:96,(anonymous_19)
FNF:20
FNH:0
FNDA:0,submitAdd
FNDA:0,onDragStart
FNDA:0,onDragEnd
FNDA:0,ignoreDevice
FNDA:0,(anonymous_4)
FNDA:0,(anonymous_5)
FNDA:0,(anonymous_6)
FNDA:0,(anonymous_7)
FNDA:0,(anonymous_8)
FNDA:0,(anonymous_9)
FNDA:0,(anonymous_10)
FNDA:0,(anonymous_11)
FNDA:0,(anonymous_12)
FNDA:0,(anonymous_13)
FNDA:0,(anonymous_14)
FNDA:0,(anonymous_15)
FNDA:0,(anonymous_16)
FNDA:0,(anonymous_17)
FNDA:0,(anonymous_18)
FNDA:0,(anonymous_19)
DA:2,0
DA:3,0
DA:11,0
DA:15,0
DA:23,0
DA:29,0
DA:34,0
DA:35,0
DA:36,0
DA:37,0
DA:38,0
DA:45,0
DA:46,0
DA:47,0
DA:55,0
DA:58,0
DA:65,0
DA:66,0
DA:75,0
DA:87,0
DA:88,0
DA:89,0
DA:91,0
DA:96,0
DA:103,0
DA:104,0
DA:119,0
DA:120,0
DA:121,0
DA:123,0
DA:124,0
DA:125,0
DA:138,0
DA:139,0
DA:140,0
DA:146,0
DA:147,0
DA:148,0
DA:149,0
DA:150,0
DA:154,0
DA:155,0
DA:156,0
DA:158,0
DA:159,0
DA:160,0
DA:164,0
DA:168,0
DA:169,0
DA:170,0
LF:50
LH:0
BRDA:138,0,0,0
BRDA:138,0,1,0
BRDA:139,1,0,0
BRDA:139,1,1,0
BRDA:142,2,0,0
BRDA:142,2,1,0
BRDA:144,3,0,0
BRDA:144,3,1,0
BRDA:154,4,0,0
BRDA:154,4,1,0
BRDA:168,5,0,0
BRDA:168,5,1,0
BRDA:170,6,0,0
BRDA:170,6,1,0
BRDA:6,7,0,0
BRDA:6,7,1,0
BRDA:8,8,0,0
BRDA:8,8,1,0
BRDA:11,9,0,0
BRDA:11,9,1,0
BRDA:15,10,0,0
BRDA:15,10,1,0
BRDA:21,11,0,0
BRDA:21,12,0,0
BRDA:21,12,1,0
BRDA:23,13,0,0
BRDA:23,13,1,0
BRDA:29,14,0,0
BRDA:29,14,1,0
BRDA:35,15,0,0
BRDA:35,15,1,0
BRDA:45,16,0,0
BRDA:55,17,0,0
BRDA:55,17,1,0
BRDA:61,18,0,0
BRDA:61,18,1,0
BRDA:61,19,0,0
BRDA:61,19,1,0
BRDA:88,20,0,0
BRDA:88,20,1,0
BRDA:89,21,0,0
BRDA:89,21,1,0
BRDA:93,22,0,0
BRDA:93,22,1,0
BRDA:105,23,0,0
BRDA:105,23,1,0
BRF:46
BRH:0
end_of_record
TN:
SF:src\components\layout\VirtualNodePanel.vue
FN:47,(anonymous_0)
FN:49,addNode
FN:65,removeNode
FN:70,selectNode
FN:5,(anonymous_4)
FN:6,(anonymous_5)
FN:10,(anonymous_6)
FN:10,(anonymous_7)
FN:13,(anonymous_8)
FN:28,(anonymous_9)
FN:20,(anonymous_10)
FN:26,(anonymous_11)
FNF:12
FNH:0
FNDA:0,(anonymous_0)
FNDA:0,addNode
FNDA:0,removeNode
FNDA:0,selectNode
FNDA:0,(anonymous_4)
FNDA:0,(anonymous_5)
FNDA:0,(anonymous_6)
FNDA:0,(anonymous_7)
FNDA:0,(anonymous_8)
FNDA:0,(anonymous_9)
FNDA:0,(anonymous_10)
FNDA:0,(anonymous_11)
DA:2,0
DA:3,0
DA:5,0
DA:6,0
DA:9,0
DA:10,0
DA:11,0
DA:12,0
DA:13,0
DA:20,0
DA:26,0
DA:28,0
DA:39,0
DA:40,0
DA:41,0
DA:43,0
DA:44,0
DA:45,0
DA:47,0
DA:50,0
DA:51,0
DA:52,0
DA:53,0
DA:60,0
DA:61,0
DA:62,0
DA:66,0
DA:67,0
DA:71,0
LF:29
LH:0
BRDA:50,0,0,0
BRDA:50,0,1,0
BRDA:51,1,0,0
BRDA:51,1,1,0
BRDA:66,2,0,0
BRDA:66,2,1,0
BRDA:4,3,0,0
BRDA:4,3,1,0
BRDA:5,4,0,0
BRDA:5,4,1,0
BRDA:5,5,0,0
BRDA:5,5,1,0
BRDA:6,6,0,0
BRDA:6,6,1,0
BRDA:13,7,0,0
BRDA:13,7,1,0
BRDA:15,8,0,0
BRDA:15,8,1,0
BRDA:19,9,0,0
BRDA:19,10,0,0
BRDA:19,10,1,0
BRDA:20,11,0,0
BRDA:20,11,1,0
BRDA:26,12,0,0
BRDA:26,12,1,0
BRF:25
BRH:0
end_of_record
TN:
SF:src\components\scene\OffscreenAlertOverlay.vue
FN:25,labelFor
FN:31,onClick
FN:4,(anonymous_2)
FN:10,(anonymous_3)
FNF:4
FNH:0
FNDA:0,labelFor
FNDA:0,onClick
FNDA:0,(anonymous_2)
FNDA:0,(anonymous_3)
DA:2,0
DA:3,0
DA:10,0
DA:21,0
DA:22,0
DA:23,0
DA:26,0
DA:27,0
DA:28,0
DA:32,0
DA:33,0
LF:11
LH:0
BRDA:27,0,0,0
BRDA:27,0,1,0
BRDA:27,0,2,0
BRF:3
BRH:0
end_of_record
TN:
SF:src\components\scene\OverviewCanvas.vue
FN:34,statusCounts
FN:37,(anonymous_1)
FN:44,(anonymous_2)
FN:45,(anonymous_3)
FN:46,(anonymous_4)
FN:56,(anonymous_5)
FN:64,resize
FN:75,draw
FN:79,onClick
FN:86,onMove
FN:95,onLeave
FN:100,(anonymous_11)
FN:103,(anonymous_12)
FN:108,(anonymous_13)
FN:109,(anonymous_14)
FN:111,(anonymous_15)
FNF:16
FNH:0
FNDA:0,statusCounts
FNDA:0,(anonymous_1)
FNDA:0,(anonymous_2)
FNDA:0,(anonymous_3)
FNDA:0,(anonymous_4)
FNDA:0,(anonymous_5)
FNDA:0,resize
FNDA:0,draw
FNDA:0,onClick
FNDA:0,onMove
FNDA:0,onLeave
FNDA:0,(anonymous_11)
FNDA:0,(anonymous_12)
FNDA:0,(anonymous_13)
FNDA:0,(anonymous_14)
FNDA:0,(anonymous_15)
DA:2,0
DA:22,0
DA:24,0
DA:25,0
DA:26,0
DA:27,0
DA:28,0
DA:32,0
DA:35,0
DA:36,0
DA:37,0
DA:38,0
DA:39,0
DA:41,0
DA:44,0
DA:45,0
DA:46,0
DA:47,0
DA:48,0
DA:57,0
DA:58,0
DA:65,0
DA:66,0
DA:67,0
DA:68,0
DA:69,0
DA:70,0
DA:71,0
DA:72,0
DA:76,0
DA:80,0
DA:81,0
DA:82,0
DA:83,0
DA:87,0
DA:88,0
DA:89,0
DA:90,0
DA:91,0
DA:92,0
DA:96,0
DA:97,0
DA:100,0
DA:101,0
DA:102,0
DA:103,0
DA:104,0
DA:105,0
DA:108,0
DA:109,0
DA:111,0
DA:112,0
LF:52
LH:0
BRDA:38,0,0,0
BRDA:38,0,1,0
BRDA:39,1,0,0
BRDA:39,1,1,0
BRDA:65,2,0,0
BRDA:65,2,1,0
BRDA:65,3,0,0
BRDA:65,3,1,0
BRDA:66,4,0,0
BRDA:66,4,1,0
BRDA:80,5,0,0
BRDA:80,5,1,0
BRDA:80,6,0,0
BRDA:80,6,1,0
BRDA:83,7,0,0
BRDA:83,7,1,0
BRDA:83,8,0,0
BRDA:83,8,1,0
BRDA:87,9,0,0
BRDA:87,9,1,0
BRDA:87,10,0,0
BRDA:87,10,1,0
BRDA:90,11,0,0
BRDA:90,11,1,0
BRDA:91,12,0,0
BRDA:91,12,1,0
BRDA:91,13,0,0
BRDA:91,13,1,0
BRDA:101,14,0,0
BRDA:101,14,1,0
BRDA:104,15,0,0
BRDA:104,15,1,0
BRDA:10,16,0,0
BRDA:10,16,1,0
BRF:34
BRH:0
end_of_record
TN:
SF:src\components\scene\SceneCanvas.vue
FN:89,syncCameraView
FN:93,focusSelected
FN:98,(anonymous_2)
FN:99,(anonymous_3)
FN:101,onDrop
FN:107,(anonymous_5)
FN:110,(anonymous_6)
FN:112,(anonymous_7)
FN:4,(anonymous_8)
FN:12,(anonymous_9)
FN:13,(anonymous_10)
FN:14,(anonymous_11)
FN:16,(anonymous_12)
FN:17,(anonymous_13)
FN:20,(anonymous_14)
FN:53,(anonymous_15)
FNF:16
FNH:0
FNDA:0,syncCameraView
FNDA:0,focusSelected
FNDA:0,(anonymous_2)
FNDA:0,(anonymous_3)
FNDA:0,onDrop
FNDA:0,(anonymous_5)
FNDA:0,(anonymous_6)
FNDA:0,(anonymous_7)
FNDA:0,(anonymous_8)
FNDA:0,(anonymous_9)
FNDA:0,(anonymous_10)
FNDA:0,(anonymous_11)
FNDA:0,(anonymous_12)
FNDA:0,(anonymous_13)
FNDA:0,(anonymous_14)
FNDA:0,(anonymous_15)
DA:2,0
DA:7,0
DA:12,0
DA:13,0
DA:14,0
DA:15,0
DA:16,0
DA:17,0
DA:20,0
DA:41,0
DA:42,0
DA:53,0
DA:80,0
DA:81,0
DA:82,0
DA:84,0
DA:85,0
DA:86,0
DA:87,0
DA:88,0
DA:90,0
DA:92,0
DA:94,0
DA:96,0
DA:98,0
DA:99,0
DA:102,0
DA:103,0
DA:104,0
DA:107,0
DA:108,0
DA:109,0
DA:110,0
DA:112,0
DA:113,0
DA:114,0
LF:36
LH:0
BRDA:90,0,0,0
BRDA:90,0,1,0
BRDA:94,1,0,0
BRDA:94,1,1,0
BRDA:99,2,0,0
BRDA:99,2,1,0
BRDA:103,3,0,0
BRDA:103,3,1,0
BRDA:4,4,0,0
BRDA:4,4,1,0
BRDA:11,5,0,0
BRDA:11,5,1,0
BRDA:12,6,0,0
BRDA:12,6,1,0
BRDA:12,7,0,0
BRDA:12,7,1,0
BRDA:13,8,0,0
BRDA:13,8,1,0
BRDA:14,9,0,0
BRDA:14,9,1,0
BRDA:16,10,0,0
BRDA:16,10,1,0
BRDA:17,11,0,0
BRDA:17,11,1,0
BRDA:20,12,0,0
BRDA:20,12,1,0
BRDA:22,13,0,0
BRDA:22,13,1,0
BRDA:32,14,0,0
BRDA:32,14,1,0
BRDA:31,15,0,0
BRDA:31,15,1,0
BRDA:37,16,0,0
BRDA:37,17,0,0
BRDA:37,17,1,0
BRDA:43,18,0,0
BRDA:43,18,1,0
BRDA:44,19,0,0
BRDA:44,19,1,0
BRDA:46,20,0,0
BRDA:46,20,1,0
BRDA:47,21,0,0
BRDA:47,21,1,0
BRDA:48,22,0,0
BRDA:48,22,1,0
BRDA:56,23,0,0
BRDA:56,23,1,0
BRDA:58,24,0,0
BRDA:58,24,1,0
BRDA:60,25,0,0
BRDA:60,25,1,0
BRDA:64,26,0,0
BRDA:64,26,1,0
BRDA:68,27,0,0
BRDA:68,27,1,0
BRF:55
BRH:0
end_of_record
TN:
SF:src\components\ui\ContextMenu.vue
FN:45,select
FN:49,onKeyDown
FN:53,onDocMouseDown
FN:57,(anonymous_3)
FN:61,(anonymous_4)
FN:23,(anonymous_5)
FN:8,(anonymous_6)
FN:12,(anonymous_7)
FN:16,(anonymous_8)
FN:22,(anonymous_9)
FNF:10
FNH:0
FNDA:0,select
FNDA:0,onKeyDown
FNDA:0,onDocMouseDown
FNDA:0,(anonymous_3)
FNDA:0,(anonymous_4)
FNDA:0,(anonymous_5)
FNDA:0,(anonymous_6)
FNDA:0,(anonymous_7)
FNDA:0,(anonymous_8)
FNDA:0,(anonymous_9)
DA:2,0
DA:11,0
DA:16,0
DA:22,0
DA:23,0
DA:34,0
DA:35,0
DA:37,0
DA:46,0
DA:50,0
DA:54,0
DA:57,0
DA:58,0
DA:59,0
DA:61,0
DA:62,0
DA:63,0
LF:17
LH:0
BRDA:50,0,0,0
BRDA:50,0,1,0
BRDA:54,1,0,0
BRDA:54,1,1,0
BRDA:5,2,0,0
BRDA:8,3,0,0
BRDA:8,3,1,0
BRDA:10,4,0,0
BRDA:10,4,1,0
BRDA:21,5,0,0
BRDA:21,5,1,0
BRDA:22,6,0,0
BRDA:22,6,1,0
BRF:13
BRH:0
end_of_record
TN:
SF:src\components\ui\HelpPanel.vue
FN:47,(anonymous_0)
FN:7,(anonymous_1)
FN:15,(anonymous_2)
FN:21,(anonymous_3)
FN:26,(anonymous_4)
FN:33,(anonymous_5)
FN:38,(anonymous_6)
FN:40,(anonymous_7)
FNF:8
FNH:0
FNDA:0,(anonymous_0)
FNDA:0,(anonymous_1)
FNDA:0,(anonymous_2)
FNDA:0,(anonymous_3)
FNDA:0,(anonymous_4)
FNDA:0,(anonymous_5)
FNDA:0,(anonymous_6)
FNDA:0,(anonymous_7)
DA:2,0
DA:7,0
DA:9,0
DA:10,0
DA:12,0
DA:15,0
DA:21,0
DA:26,0
DA:31,0
DA:32,0
DA:38,0
DA:39,0
DA:40,0
DA:42,0
DA:47,0
DA:56,0
DA:57,0
DA:61,0
LF:18
LH:0
BRDA:5,0,0,0
BRDA:7,1,0,0
BRDA:7,1,1,0
BRDA:11,2,0,0
BRDA:11,2,1,0
BRDA:14,3,0,0
BRDA:14,3,1,0
BRDA:15,4,0,0
BRDA:15,4,1,0
BRDA:20,5,0,0
BRDA:20,5,1,0
BRDA:21,6,0,0
BRDA:21,6,1,0
BRDA:26,7,0,0
BRDA:26,7,1,0
BRF:15
BRH:0
end_of_record
TN:
SF:src\components\ui\ImportPanel.vue
FN:116,close
FN:118,loadFile
FN:133,onPick
FN:138,onDrop
FN:144,downloadTemplate
FN:153,run
FN:193,clearScene
FN:18,(anonymous_7)
FN:19,(anonymous_8)
FN:23,(anonymous_9)
FN:42,(anonymous_10)
FN:46,(anonymous_11)
FN:59,(anonymous_12)
FN:82,(anonymous_13)
FNF:14
FNH:0
FNDA:0,close
FNDA:0,loadFile
FNDA:0,onPick
FNDA:0,onDrop
FNDA:0,downloadTemplate
FNDA:0,run
FNDA:0,clearScene
FNDA:0,(anonymous_7)
FNDA:0,(anonymous_8)
FNDA:0,(anonymous_9)
FNDA:0,(anonymous_10)
FNDA:0,(anonymous_11)
FNDA:0,(anonymous_12)
FNDA:0,(anonymous_13)
DA:2,0
DA:4,0
DA:11,0
DA:13,0
DA:18,0
DA:19,0
DA:23,0
DA:42,0
DA:46,0
DA:50,0
DA:59,0
DA:81,0
DA:82,0
DA:105,0
DA:106,0
DA:107,0
DA:109,0
DA:110,0
DA:111,0
DA:112,0
DA:113,0
DA:114,0
DA:116,0
DA:119,0
DA:120,0
DA:121,0
DA:122,0
DA:123,0
DA:125,0
DA:126,0
DA:129,0
DA:134,0
DA:135,0
DA:139,0
DA:140,0
DA:141,0
DA:145,0
DA:146,0
DA:147,0
DA:148,0
DA:149,0
DA:150,0
DA:154,0
DA:155,0
DA:156,0
DA:157,0
DA:158,0
DA:160,0
DA:161,0
DA:162,0
DA:163,0
DA:164,0
DA:166,0
DA:168,0
DA:169,0
DA:170,0
DA:171,0
DA:172,0
DA:176,0
DA:177,0
DA:178,0
DA:179,0
DA:181,0
DA:182,0
DA:187,0
DA:189,0
DA:194,0
LF:67
LH:0
BRDA:121,0,0,0
BRDA:121,0,1,0
BRDA:135,1,0,0
BRDA:135,1,1,0
BRDA:141,2,0,0
BRDA:141,2,1,0
BRDA:155,3,0,0
BRDA:155,3,1,0
BRDA:155,4,0,0
BRDA:155,4,1,0
BRDA:156,5,0,0
BRDA:156,5,1,0
BRDA:161,6,0,0
BRDA:161,6,1,0
BRDA:162,7,0,0
BRDA:162,7,1,0
BRDA:181,8,0,0
BRDA:181,8,1,0
BRDA:3,9,0,0
BRDA:6,10,0,0
BRDA:6,10,1,0
BRDA:14,11,0,0
BRDA:14,11,1,0
BRDA:18,12,0,0
BRDA:18,12,1,0
BRDA:19,13,0,0
BRDA:19,13,1,0
BRDA:23,14,0,0
BRDA:23,14,1,0
BRDA:24,15,0,0
BRDA:24,15,1,0
BRDA:25,16,0,0
BRDA:25,16,1,0
BRDA:25,17,0,0
BRDA:25,17,1,0
BRDA:27,18,0,0
BRDA:27,18,1,0
BRDA:38,19,0,0
BRDA:39,20,0,0
BRDA:39,20,1,0
BRDA:41,21,0,0
BRDA:41,21,1,0
BRDA:43,22,0,0
BRDA:43,22,1,0
BRDA:45,23,0,0
BRDA:49,24,0,0
BRDA:49,24,1,0
BRDA:71,25,0,0
BRDA:71,25,1,0
BRDA:62,26,0,0
BRDA:62,26,1,0
BRDA:63,27,0,0
BRDA:63,27,1,0
BRDA:64,28,0,0
BRDA:64,28,1,0
BRDA:64,28,2,0
BRDA:65,29,0,0
BRDA:65,29,1,0
BRDA:66,30,0,0
BRDA:66,30,1,0
BRDA:67,31,0,0
BRDA:67,31,1,0
BRDA:68,32,0,0
BRDA:68,32,1,0
BRDA:72,33,0,0
BRDA:72,33,1,0
BRDA:79,34,0,0
BRDA:79,35,0,0
BRDA:79,35,1,0
BRDA:80,36,0,0
BRDA:80,36,1,0
BRDA:82,37,0,0
BRDA:82,37,1,0
BRDA:82,38,0,0
BRDA:82,38,1,0
BRDA:85,39,0,0
BRDA:85,39,1,0
BRDA:88,40,0,0
BRDA:88,40,1,0
BRF:79
BRH:0
end_of_record
TN:
SF:src\components\ui\StatusLegend.vue
FN:37,(anonymous_0)
FN:39,(anonymous_1)
FN:43,(anonymous_2)
FN:46,(anonymous_3)
FN:48,(anonymous_4)
FN:49,(anonymous_5)
FN:3,(anonymous_6)
FN:9,(anonymous_7)
FN:16,(anonymous_8)
FN:17,(anonymous_9)
FNF:10
FNH:0
FNDA:0,(anonymous_0)
FNDA:0,(anonymous_1)
FNDA:0,(anonymous_2)
FNDA:0,(anonymous_3)
FNDA:0,(anonymous_4)
FNDA:0,(anonymous_5)
FNDA:0,(anonymous_6)
FNDA:0,(anonymous_7)
FNDA:0,(anonymous_8)
FNDA:0,(anonymous_9)
DA:2,0
DA:3,0
DA:5,0
DA:9,0
DA:16,0
DA:17,0
DA:31,0
DA:32,0
DA:33,0
DA:34,0
DA:35,0
DA:36,0
DA:37,0
DA:39,0
DA:40,0
DA:41,0
DA:42,0
DA:43,0
DA:44,0
DA:46,0
DA:47,0
DA:48,0
DA:49,0
DA:50,0
DA:51,0
LF:25
LH:0
BRDA:37,0,0,0
BRDA:37,0,1,0
BRDA:41,1,0,0
BRDA:41,1,1,0
BRDA:50,2,0,0
BRDA:50,2,1,0
BRDA:50,3,0,0
BRDA:50,3,1,0
BRDA:3,4,0,0
BRDA:3,4,1,0
BRDA:4,5,0,0
BRDA:4,5,1,0
BRDA:4,6,0,0
BRDA:4,6,1,0
BRDA:5,7,0,0
BRDA:5,7,1,0
BRDA:7,8,0,0
BRDA:7,8,1,0
BRDA:10,9,0,0
BRDA:10,9,1,0
BRDA:14,10,0,0
BRDA:14,10,1,0
BRDA:16,11,0,0
BRDA:16,11,1,0
BRDA:16,12,0,0
BRDA:16,12,1,0
BRDA:18,13,0,0
BRDA:18,13,1,0
BRF:28
BRH:0
end_of_record
TN:
SF:src\components\ui\ToastPanel.vue
FN:6,(anonymous_0)
FN:6,(anonymous_1)
FN:9,(anonymous_2)
FNF:3
FNH:0
FNDA:0,(anonymous_0)
FNDA:0,(anonymous_1)
FNDA:0,(anonymous_2)
DA:2,0
DA:3,0
DA:5,0
DA:6,0
DA:9,0
DA:11,0
DA:21,0
LF:7
LH:0
BRDA:11,0,0,0
BRDA:11,0,1,0
BRF:2
BRH:0
end_of_record
TN:
SF:src\components\ui\ViewSwitcher.vue
FN:22,(anonymous_0)
FN:24,(anonymous_1)
FN:25,(anonymous_2)
FN:28,(anonymous_3)
FN:30,(anonymous_4)
FN:4,(anonymous_5)
FNF:6
FNH:0
FNDA:0,(anonymous_0)
FNDA:0,(anonymous_1)
FNDA:0,(anonymous_2)
FNDA:0,(anonymous_3)
FNDA:0,(anonymous_4)
FNDA:0,(anonymous_5)
DA:2,0
DA:3,0
DA:4,0
DA:15,0
DA:16,0
DA:18,0
DA:22,0
DA:23,0
DA:24,0
DA:25,0
DA:28,0
DA:30,0
DA:31,0
DA:32,0
DA:33,0
DA:34,0
DA:35,0
DA:36,0
LF:18
LH:0
BRDA:23,0,0,0
BRDA:23,0,1,0
BRDA:28,1,0,0
BRDA:28,1,1,0
BRDA:32,2,0,0
BRDA:32,2,1,0
BRDA:34,3,0,0
BRDA:34,3,1,0
BRDA:35,4,0,0
BRDA:35,4,1,0
BRDA:36,5,0,0
BRDA:36,5,1,0
BRDA:2,6,0,0
BRDA:2,6,1,0
BRDA:4,7,0,0
BRDA:4,7,1,0
BRF:16
BRH:0
end_of_record
TN:
SF:src\composables\useDeviceTypeHelpers.ts
FN:5,useDeviceTypeHelpers
FN:8,typeColor
FN:15,typeAbbr
FN:22,typeLabel
FN:30,(anonymous_4)
FN:31,(anonymous_5)
FN:37,(anonymous_6)
FNF:7
FNH:0
FNDA:0,useDeviceTypeHelpers
FNDA:0,typeColor
FNDA:0,typeAbbr
FNDA:0,typeLabel
FNDA:0,(anonymous_4)
FNDA:0,(anonymous_5)
FNDA:0,(anonymous_6)
DA:6,0
DA:9,0
DA:10,0
DA:16,0
DA:17,0
DA:23,0
DA:24,0
DA:30,0
DA:31,0
DA:37,0
DA:43,0
DA:46,0
LF:12
LH:0
BRDA:9,0,0,0
BRDA:9,0,1,0
BRDA:10,1,0,0
BRDA:10,1,1,0
BRDA:10,1,2,0
BRDA:16,2,0,0
BRDA:16,2,1,0
BRDA:17,3,0,0
BRDA:17,3,1,0
BRDA:17,3,2,0
BRDA:23,4,0,0
BRDA:23,4,1,0
BRDA:24,5,0,0
BRDA:24,5,1,0
BRDA:24,5,2,0
BRF:15
BRH:0
end_of_record
TN:
SF:src\composables\useNmsEditor.ts
FN:50,configureNmsEditor
FN:54,useNmsEditor
FN:68,createNmsEditorRuntime
FN:124,_snapLayout
FN:126,(anonymous_4)
FN:127,(anonymous_5)
FN:128,(anonymous_6)
FN:129,(anonymous_7)
FN:133,_saveUndo
FN:139,_restoreSnap
FN:141,(anonymous_10)
FN:143,(anonymous_11)
FN:145,(anonymous_12)
FN:148,(anonymous_13)
FN:149,(anonymous_14)
FN:156,(anonymous_15)
FN:157,(anonymous_16)
FN:165,configure
FN:172,_applyLinkResolution
FN:177,init
FN:189,(anonymous_20)
FN:199,(anonymous_21)
FN:218,(anonymous_22)
FN:230,(anonymous_23)
FN:242,_maybeAutoStartTour
FN:252,_ensureActiveRootSpace
FN:273,_buildScene
FN:277,(anonymous_27)
FN:280,(anonymous_28)
FN:289,_syncParticles
FN:290,(anonymous_30)
FN:296,(anonymous_31)
FN:301,_bindEvents
FN:310,onPointerLeaveCanvas
FN:315,_bindWatchers
FN:317,(anonymous_35)
FN:318,(anonymous_36)
FN:324,(anonymous_37)
FN:330,(anonymous_38)
FN:333,(anonymous_39)
FN:337,(anonymous_40)
FN:340,(anonymous_41)
FN:384,(anonymous_42)
FN:385,(anonymous_43)
FN:394,(anonymous_44)
FN:395,(anonymous_45)
FN:398,(anonymous_46)
FN:409,(anonymous_47)
FN:416,(anonymous_48)
FN:418,(anonymous_49)
FN:433,(anonymous_50)
FN:434,(anonymous_51)
FN:445,(anonymous_52)
FN:451,(anonymous_53)
FN:452,(anonymous_54)
FN:467,(anonymous_55)
FN:468,(anonymous_56)
FN:523,(anonymous_57)
FN:524,(anonymous_58)
FN:548,(anonymous_59)
FN:549,(anonymous_60)
FN:563,(anonymous_61)
FN:564,(anonymous_62)
FN:578,(anonymous_63)
FN:579,(anonymous_64)
FN:584,(anonymous_65)
FN:585,(anonymous_66)
FN:593,(anonymous_67)
FN:594,(anonymous_68)
FN:604,(anonymous_69)
FN:605,(anonymous_70)
FN:610,(anonymous_71)
FN:618,(anonymous_72)
FN:619,(anonymous_73)
FN:620,(anonymous_74)
FN:625,(anonymous_75)
FN:627,(anonymous_76)
FN:635,(anonymous_77)
FN:636,(anonymous_78)
FN:643,(anonymous_79)
FN:644,(anonymous_80)
FN:658,_pickBackground
FN:672,_verticalPlanePoint
FN:697,attachGizmoToSelection
FN:725,applySearchFilter
FN:735,(anonymous_85)
FN:749,(anonymous_86)
FN:755,_startLoop
FN:756,(anonymous_88)
FN:772,(anonymous_89)
FN:809,hasActiveFilter
FN:831,_refreshOffscreenMembers
FN:834,(anonymous_92)
FN:835,(anonymous_93)
FN:871,_updateOffscreenAlerts
FN:925,trackPerformance
FN:961,onPointerDown
FN:982,(anonymous_97)
FN:1028,onPointerMove
FN:1050,(anonymous_99)
FN:1054,(anonymous_100)
FN:1058,(anonymous_101)
FN:1058,(anonymous_102)
FN:1116,onPointerUp
FN:1140,(anonymous_104)
FN:1154,(anonymous_105)
FN:1165,(anonymous_106)
FN:1215,(anonymous_107)
FN:1271,onKeyDown
FN:1307,(anonymous_109)
FN:1366,_nearestDeviceInScreen
FN:1377,(anonymous_111)
FN:1394,isInputFocused
FN:1404,showBlastRadius
FN:1409,(anonymous_114)
FN:1419,(anonymous_115)
FN:1434,(anonymous_116)
FN:1437,(anonymous_117)
FN:1441,(anonymous_118)
FN:1451,rebuildLinks
FN:1453,(anonymous_120)
FN:1455,(anonymous_121)
FN:1458,(anonymous_122)
FN:1472,(anonymous_123)
FN:1476,dropDeviceAt
FN:1502,(anonymous_125)
FN:1518,confirmCreateLink
FN:1539,saveCurrentView
FN:1559,loadSavedView
FN:1570,focusDevice
FN:1581,resetCamera
FN:1585,zoomCamera
FN:1589,setCameraView
FN:1597,flyToWorldPoint
FN:1601,setDeviceAcknowledged
FN:1605,toggleColorblindMode
FN:1614,_alarmDevices
FN:1618,(anonymous_137)
FN:1619,(anonymous_138)
FN:1622,cycleAlarms
FN:1625,(anonymous_140)
FN:1634,focusSpace
FN:1648,_switchScopeIfNeeded
FN:1659,focusVirtualNode
FN:1664,onTimelineScrub
FN:1668,(anonymous_145)
FN:1673,rebuildAll
FN:1686,(anonymous_147)
FN:1693,(anonymous_148)
FN:1705,(anonymous_149)
FN:1718,(anonymous_150)
FN:1729,_flyToFitScope
FN:1746,refreshSpace
FN:1762,dispose
FN:1765,(anonymous_154)
FN:1787,onContextMenu
FN:1813,(anonymous_156)
FNF:157
FNH:0
FNDA:0,configureNmsEditor
FNDA:0,useNmsEditor
FNDA:0,createNmsEditorRuntime
FNDA:0,_snapLayout
FNDA:0,(anonymous_4)
FNDA:0,(anonymous_5)
FNDA:0,(anonymous_6)
FNDA:0,(anonymous_7)
FNDA:0,_saveUndo
FNDA:0,_restoreSnap
FNDA:0,(anonymous_10)
FNDA:0,(anonymous_11)
FNDA:0,(anonymous_12)
FNDA:0,(anonymous_13)
FNDA:0,(anonymous_14)
FNDA:0,(anonymous_15)
FNDA:0,(anonymous_16)
FNDA:0,configure
FNDA:0,_applyLinkResolution
FNDA:0,init
FNDA:0,(anonymous_20)
FNDA:0,(anonymous_21)
FNDA:0,(anonymous_22)
FNDA:0,(anonymous_23)
FNDA:0,_maybeAutoStartTour
FNDA:0,_ensureActiveRootSpace
FNDA:0,_buildScene
FNDA:0,(anonymous_27)
FNDA:0,(anonymous_28)
FNDA:0,_syncParticles
FNDA:0,(anonymous_30)
FNDA:0,(anonymous_31)
FNDA:0,_bindEvents
FNDA:0,onPointerLeaveCanvas
FNDA:0,_bindWatchers
FNDA:0,(anonymous_35)
FNDA:0,(anonymous_36)
FNDA:0,(anonymous_37)
FNDA:0,(anonymous_38)
FNDA:0,(anonymous_39)
FNDA:0,(anonymous_40)
FNDA:0,(anonymous_41)
FNDA:0,(anonymous_42)
FNDA:0,(anonymous_43)
FNDA:0,(anonymous_44)
FNDA:0,(anonymous_45)
FNDA:0,(anonymous_46)
FNDA:0,(anonymous_47)
FNDA:0,(anonymous_48)
FNDA:0,(anonymous_49)
FNDA:0,(anonymous_50)
FNDA:0,(anonymous_51)
FNDA:0,(anonymous_52)
FNDA:0,(anonymous_53)
FNDA:0,(anonymous_54)
FNDA:0,(anonymous_55)
FNDA:0,(anonymous_56)
FNDA:0,(anonymous_57)
FNDA:0,(anonymous_58)
FNDA:0,(anonymous_59)
FNDA:0,(anonymous_60)
FNDA:0,(anonymous_61)
FNDA:0,(anonymous_62)
FNDA:0,(anonymous_63)
FNDA:0,(anonymous_64)
FNDA:0,(anonymous_65)
FNDA:0,(anonymous_66)
FNDA:0,(anonymous_67)
FNDA:0,(anonymous_68)
FNDA:0,(anonymous_69)
FNDA:0,(anonymous_70)
FNDA:0,(anonymous_71)
FNDA:0,(anonymous_72)
FNDA:0,(anonymous_73)
FNDA:0,(anonymous_74)
FNDA:0,(anonymous_75)
FNDA:0,(anonymous_76)
FNDA:0,(anonymous_77)
FNDA:0,(anonymous_78)
FNDA:0,(anonymous_79)
FNDA:0,(anonymous_80)
FNDA:0,_pickBackground
FNDA:0,_verticalPlanePoint
FNDA:0,attachGizmoToSelection
FNDA:0,applySearchFilter
FNDA:0,(anonymous_85)
FNDA:0,(anonymous_86)
FNDA:0,_startLoop
FNDA:0,(anonymous_88)
FNDA:0,(anonymous_89)
FNDA:0,hasActiveFilter
FNDA:0,_refreshOffscreenMembers
FNDA:0,(anonymous_92)
FNDA:0,(anonymous_93)
FNDA:0,_updateOffscreenAlerts
FNDA:0,trackPerformance
FNDA:0,onPointerDown
FNDA:0,(anonymous_97)
FNDA:0,onPointerMove
FNDA:0,(anonymous_99)
FNDA:0,(anonymous_100)
FNDA:0,(anonymous_101)
FNDA:0,(anonymous_102)
FNDA:0,onPointerUp
FNDA:0,(anonymous_104)
FNDA:0,(anonymous_105)
FNDA:0,(anonymous_106)
FNDA:0,(anonymous_107)
FNDA:0,onKeyDown
FNDA:0,(anonymous_109)
FNDA:0,_nearestDeviceInScreen
FNDA:0,(anonymous_111)
FNDA:0,isInputFocused
FNDA:0,showBlastRadius
FNDA:0,(anonymous_114)
FNDA:0,(anonymous_115)
FNDA:0,(anonymous_116)
FNDA:0,(anonymous_117)
FNDA:0,(anonymous_118)
FNDA:0,rebuildLinks
FNDA:0,(anonymous_120)
FNDA:0,(anonymous_121)
FNDA:0,(anonymous_122)
FNDA:0,(anonymous_123)
FNDA:0,dropDeviceAt
FNDA:0,(anonymous_125)
FNDA:0,confirmCreateLink
FNDA:0,saveCurrentView
FNDA:0,loadSavedView
FNDA:0,focusDevice
FNDA:0,resetCamera
FNDA:0,zoomCamera
FNDA:0,setCameraView
FNDA:0,flyToWorldPoint
FNDA:0,setDeviceAcknowledged
FNDA:0,toggleColorblindMode
FNDA:0,_alarmDevices
FNDA:0,(anonymous_137)
FNDA:0,(anonymous_138)
FNDA:0,cycleAlarms
FNDA:0,(anonymous_140)
FNDA:0,focusSpace
FNDA:0,_switchScopeIfNeeded
FNDA:0,focusVirtualNode
FNDA:0,onTimelineScrub
FNDA:0,(anonymous_145)
FNDA:0,rebuildAll
FNDA:0,(anonymous_147)
FNDA:0,(anonymous_148)
FNDA:0,(anonymous_149)
FNDA:0,(anonymous_150)
FNDA:0,_flyToFitScope
FNDA:0,refreshSpace
FNDA:0,dispose
FNDA:0,(anonymous_154)
FNDA:0,onContextMenu
FNDA:0,(anonymous_156)
DA:37,0
DA:44,0
DA:48,0
DA:51,0
DA:55,0
DA:56,0
DA:57,0
DA:58,0
DA:59,0
DA:60,0
DA:61,0
DA:63,0
DA:65,0
DA:73,0
DA:74,0
DA:75,0
DA:90,0
DA:91,0
DA:92,0
DA:93,0
DA:95,0
DA:96,0
DA:97,0
DA:98,0
DA:99,0
DA:100,0
DA:101,0
DA:104,0
DA:105,0
DA:106,0
DA:107,0
DA:108,0
DA:109,0
DA:110,0
DA:111,0
DA:112,0
DA:120,0
DA:121,0
DA:122,0
DA:125,0
DA:126,0
DA:127,0
DA:128,0
DA:129,0
DA:134,0
DA:135,0
DA:136,0
DA:140,0
DA:141,0
DA:142,0
DA:143,0
DA:144,0
DA:145,0
DA:146,0
DA:147,0
DA:148,0
DA:149,0
DA:150,0
DA:156,0
DA:157,0
DA:158,0
DA:161,0
DA:162,0
DA:166,0
DA:173,0
DA:174,0
DA:182,0
DA:183,0
DA:184,0
DA:185,0
DA:190,0
DA:191,0
DA:195,0
DA:196,0
DA:198,0
DA:199,0
DA:201,0
DA:202,0
DA:203,0
DA:204,0
DA:205,0
DA:206,0
DA:207,0
DA:208,0
DA:209,0
DA:210,0
DA:211,0
DA:213,0
DA:214,0
DA:215,0
DA:219,0
DA:222,0
DA:224,0
DA:225,0
DA:226,0
DA:230,0
DA:231,0
DA:232,0
DA:233,0
DA:236,0
DA:237,0
DA:238,0
DA:239,0
DA:243,0
DA:244,0
DA:245,0
DA:253,0
DA:254,0
DA:255,0
DA:256,0
DA:258,0
DA:259,0
DA:264,0
DA:265,0
DA:271,0
DA:274,0
DA:275,0
DA:276,0
DA:277,0
DA:278,0
DA:280,0
DA:281,0
DA:283,0
DA:284,0
DA:285,0
DA:286,0
DA:290,0
DA:291,0
DA:292,0
DA:293,0
DA:295,0
DA:297,0
DA:302,0
DA:303,0
DA:304,0
DA:305,0
DA:306,0
DA:307,0
DA:311,0
DA:312,0
DA:316,0
DA:318,0
DA:319,0
DA:324,0
DA:325,0
DA:326,0
DA:327,0
DA:329,0
DA:332,0
DA:333,0
DA:334,0
DA:336,0
DA:339,0
DA:340,0
DA:341,0
DA:342,0
DA:343,0
DA:345,0
DA:346,0
DA:348,0
DA:349,0
DA:350,0
DA:351,0
DA:352,0
DA:353,0
DA:354,0
DA:355,0
DA:361,0
DA:364,0
DA:366,0
DA:371,0
DA:372,0
DA:373,0
DA:376,0
DA:381,0
DA:385,0
DA:386,0
DA:390,0
DA:395,0
DA:397,0
DA:398,0
DA:399,0
DA:400,0
DA:401,0
DA:402,0
DA:403,0
DA:405,0
DA:406,0
DA:409,0
DA:410,0
DA:415,0
DA:417,0
DA:419,0
DA:420,0
DA:421,0
DA:422,0
DA:423,0
DA:424,0
DA:425,0
DA:426,0
DA:432,0
DA:434,0
DA:436,0
DA:445,0
DA:450,0
DA:452,0
DA:454,0
DA:455,0
DA:456,0
DA:458,0
DA:459,0
DA:460,0
DA:466,0
DA:468,0
DA:470,0
DA:471,0
DA:472,0
DA:474,0
DA:479,0
DA:481,0
DA:484,0
DA:485,0
DA:486,0
DA:487,0
DA:488,0
DA:491,0
DA:492,0
DA:493,0
DA:498,0
DA:499,0
DA:501,0
DA:502,0
DA:503,0
DA:504,0
DA:506,0
DA:507,0
DA:508,0
DA:509,0
DA:510,0
DA:511,0
DA:513,0
DA:515,0
DA:516,0
DA:522,0
DA:524,0
DA:526,0
DA:527,0
DA:528,0
DA:529,0
DA:530,0
DA:531,0
DA:532,0
DA:533,0
DA:534,0
DA:535,0
DA:536,0
DA:540,0
DA:547,0
DA:549,0
DA:551,0
DA:552,0
DA:553,0
DA:554,0
DA:562,0
DA:564,0
DA:566,0
DA:567,0
DA:568,0
DA:569,0
DA:577,0
DA:579,0
DA:580,0
DA:583,0
DA:585,0
DA:587,0
DA:592,0
DA:594,0
DA:596,0
DA:597,0
DA:598,0
DA:603,0
DA:605,0
DA:607,0
DA:608,0
DA:609,0
DA:610,0
DA:611,0
DA:617,0
DA:619,0
DA:620,0
DA:624,0
DA:627,0
DA:628,0
DA:634,0
DA:636,0
DA:637,0
DA:642,0
DA:644,0
DA:646,0
DA:647,0
DA:659,0
DA:660,0
DA:661,0
DA:665,0
DA:666,0
DA:667,0
DA:668,0
DA:669,0
DA:676,0
DA:677,0
DA:678,0
DA:682,0
DA:683,0
DA:684,0
DA:685,0
DA:686,0
DA:687,0
DA:688,0
DA:689,0
DA:693,0
DA:694,0
DA:698,0
DA:699,0
DA:700,0
DA:701,0
DA:703,0
DA:704,0
DA:705,0
DA:706,0
DA:707,0
DA:708,0
DA:709,0
DA:714,0
DA:716,0
DA:717,0
DA:718,0
DA:719,0
DA:721,0
DA:726,0
DA:727,0
DA:729,0
DA:730,0
DA:731,0
DA:732,0
DA:734,0
DA:735,0
DA:737,0
DA:741,0
DA:742,0
DA:743,0
DA:744,0
DA:745,0
DA:746,0
DA:748,0
DA:749,0
DA:750,0
DA:751,0
DA:756,0
DA:757,0
DA:758,0
DA:759,0
DA:760,0
DA:761,0
DA:762,0
DA:763,0
DA:764,0
DA:765,0
DA:766,0
DA:771,0
DA:772,0
DA:773,0
DA:774,0
DA:775,0
DA:780,0
DA:781,0
DA:789,0
DA:790,0
DA:791,0
DA:792,0
DA:793,0
DA:794,0
DA:795,0
DA:802,0
DA:803,0
DA:810,0
DA:829,0
DA:832,0
DA:834,0
DA:835,0
DA:837,0
DA:838,0
DA:839,0
DA:842,0
DA:843,0
DA:844,0
DA:845,0
DA:847,0
DA:848,0
DA:849,0
DA:850,0
DA:851,0
DA:853,0
DA:854,0
DA:856,0
DA:857,0
DA:858,0
DA:859,0
DA:860,0
DA:861,0
DA:862,0
DA:864,0
DA:866,0
DA:868,0
DA:872,0
DA:873,0
DA:874,0
DA:877,0
DA:878,0
DA:879,0
DA:882,0
DA:883,0
DA:884,0
DA:887,0
DA:888,0
DA:889,0
DA:891,0
DA:892,0
DA:893,0
DA:894,0
DA:895,0
DA:900,0
DA:901,0
DA:902,0
DA:903,0
DA:904,0
DA:905,0
DA:910,0
DA:911,0
DA:913,0
DA:922,0
DA:926,0
DA:927,0
DA:928,0
DA:929,0
DA:931,0
DA:932,0
DA:933,0
DA:934,0
DA:935,0
DA:948,0
DA:949,0
DA:950,0
DA:951,0
DA:957,0
DA:958,0
DA:962,0
DA:963,0
DA:964,0
DA:965,0
DA:966,0
DA:968,0
DA:969,0
DA:970,0
DA:971,0
DA:972,0
DA:973,0
DA:978,0
DA:979,0
DA:980,0
DA:981,0
DA:982,0
DA:983,0
DA:984,0
DA:985,0
DA:991,0
DA:992,0
DA:996,0
DA:997,0
DA:998,0
DA:999,0
DA:1000,0
DA:1001,0
DA:1005,0
DA:1007,0
DA:1008,0
DA:1009,0
DA:1010,0
DA:1011,0
DA:1012,0
DA:1013,0
DA:1017,0
DA:1018,0
DA:1019,0
DA:1020,0
DA:1021,0
DA:1022,0
DA:1025,0
DA:1029,0
DA:1030,0
DA:1031,0
DA:1033,0
DA:1035,0
DA:1038,0
DA:1039,0
DA:1040,0
DA:1041,0
DA:1042,0
DA:1043,0
DA:1044,0
DA:1045,0
DA:1047,0
DA:1048,0
DA:1049,0
DA:1050,0
DA:1051,0
DA:1052,0
DA:1053,0
DA:1054,0
DA:1055,0
DA:1057,0
DA:1058,0
DA:1059,0
DA:1061,0
DA:1062,0
DA:1063,0
DA:1066,0
DA:1069,0
DA:1070,0
DA:1071,0
DA:1074,0
DA:1075,0
DA:1076,0
DA:1077,0
DA:1078,0
DA:1079,0
DA:1080,0
DA:1081,0
DA:1082,0
DA:1083,0
DA:1084,0
DA:1086,0
DA:1090,0
DA:1095,0
DA:1096,0
DA:1097,0
DA:1103,0
DA:1104,0
DA:1105,0
DA:1106,0
DA:1107,0
DA:1108,0
DA:1109,0
DA:1111,0
DA:1112,0
DA:1117,0
DA:1119,0
DA:1121,0
DA:1122,0
DA:1123,0
DA:1124,0
DA:1125,0
DA:1126,0
DA:1127,0
DA:1133,0
DA:1134,0
DA:1135,0
DA:1136,0
DA:1137,0
DA:1140,0
DA:1141,0
DA:1142,0
DA:1149,0
DA:1153,0
DA:1154,0
DA:1155,0
DA:1156,0
DA:1159,0
DA:1160,0
DA:1164,0
DA:1165,0
DA:1166,0
DA:1168,0
DA:1169,0
DA:1170,0
DA:1171,0
DA:1172,0
DA:1177,0
DA:1183,0
DA:1186,0
DA:1187,0
DA:1189,0
DA:1190,0
DA:1191,0
DA:1192,0
DA:1193,0
DA:1194,0
DA:1196,0
DA:1197,0
DA:1200,0
DA:1201,0
DA:1202,0
DA:1203,0
DA:1205,0
DA:1206,0
DA:1207,0
DA:1213,0
DA:1214,0
DA:1215,0
DA:1216,0
DA:1217,0
DA:1218,0
DA:1221,0
DA:1222,0
DA:1223,0
DA:1224,0
DA:1225,0
DA:1227,0
DA:1228,0
DA:1232,0
DA:1233,0
DA:1234,0
DA:1235,0
DA:1236,0
DA:1238,0
DA:1240,0
DA:1241,0
DA:1243,0
DA:1244,0
DA:1246,0
DA:1247,0
DA:1248,0
DA:1250,0
DA:1252,0
DA:1253,0
DA:1254,0
DA:1256,0
DA:1257,0
DA:1258,0
DA:1259,0
DA:1260,0
DA:1261,0
DA:1262,0
DA:1263,0
DA:1264,0
DA:1265,0
DA:1266,0
DA:1267,0
DA:1272,0
DA:1273,0
DA:1274,0
DA:1275,0
DA:1276,0
DA:1277,0
DA:1278,0
DA:1279,0
DA:1280,0
DA:1281,0
DA:1282,0
DA:1284,0
DA:1285,0
DA:1286,0
DA:1288,0
DA:1289,0
DA:1290,0
DA:1292,0
DA:1293,0
DA:1294,0
DA:1297,0
DA:1302,0
DA:1304,0
DA:1305,0
DA:1306,0
DA:1307,0
DA:1308,0
DA:1310,0
DA:1311,0
DA:1312,0
DA:1313,0
DA:1314,0
DA:1315,0
DA:1317,0
DA:1318,0
DA:1319,0
DA:1320,0
DA:1321,0
DA:1322,0
DA:1323,0
DA:1324,0
DA:1325,0
DA:1326,0
DA:1327,0
DA:1328,0
DA:1329,0
DA:1330,0
DA:1331,0
DA:1332,0
DA:1333,0
DA:1334,0
DA:1335,0
DA:1337,0
DA:1340,0
DA:1341,0
DA:1342,0
DA:1343,0
DA:1344,0
DA:1345,0
DA:1346,0
DA:1348,0
DA:1350,0
DA:1352,0
DA:1353,0
DA:1354,0
DA:1355,0
DA:1356,0
DA:1357,0
DA:1358,0
DA:1360,0
DA:1362,0
DA:1371,0
DA:1372,0
DA:1373,0
DA:1374,0
DA:1375,0
DA:1377,0
DA:1378,0
DA:1379,0
DA:1380,0
DA:1381,0
DA:1382,0
DA:1383,0
DA:1384,0
DA:1385,0
DA:1386,0
DA:1387,0
DA:1388,0
DA:1391,0
DA:1395,0
DA:1396,0
DA:1405,0
DA:1408,0
DA:1409,0
DA:1410,0
DA:1411,0
DA:1412,0
DA:1413,0
DA:1415,0
DA:1418,0
DA:1419,0
DA:1420,0
DA:1425,0
DA:1427,0
DA:1428,0
DA:1429,0
DA:1433,0
DA:1434,0
DA:1435,0
DA:1437,0
DA:1438,0
DA:1441,0
DA:1442,0
DA:1452,0
DA:1453,0
DA:1455,0
DA:1456,0
DA:1458,0
DA:1459,0
DA:1460,0
DA:1463,0
DA:1472,0
DA:1473,0
DA:1477,0
DA:1478,0
DA:1479,0
DA:1480,0
DA:1482,0
DA:1483,0
DA:1487,0
DA:1488,0
DA:1489,0
DA:1490,0
DA:1492,0
DA:1493,0
DA:1494,0
DA:1495,0
DA:1498,0
DA:1499,0
DA:1500,0
DA:1501,0
DA:1502,0
DA:1503,0
DA:1504,0
DA:1505,0
DA:1506,0
DA:1507,0
DA:1508,0
DA:1510,0
DA:1511,0
DA:1513,0
DA:1519,0
DA:1520,0
DA:1521,0
DA:1522,0
DA:1524,0
DA:1525,0
DA:1526,0
DA:1534,0
DA:1535,0
DA:1536,0
DA:1540,0
DA:1555,0
DA:1556,0
DA:1560,0
DA:1571,0
DA:1572,0
DA:1573,0
DA:1574,0
DA:1575,0
DA:1582,0
DA:1586,0
DA:1590,0
DA:1598,0
DA:1602,0
DA:1606,0
DA:1607,0
DA:1608,0
DA:1615,0
DA:1616,0
DA:1618,0
DA:1619,0
DA:1623,0
DA:1624,0
DA:1625,0
DA:1626,0
DA:1629,0
DA:1630,0
DA:1631,0
DA:1635,0
DA:1636,0
DA:1637,0
DA:1638,0
DA:1639,0
DA:1640,0
DA:1652,0
DA:1653,0
DA:1654,0
DA:1655,0
DA:1656,0
DA:1660,0
DA:1661,0
DA:1665,0
DA:1666,0
DA:1667,0
DA:1668,0
DA:1669,0
DA:1674,0
DA:1675,0
DA:1677,0
DA:1678,0
DA:1679,0
DA:1681,0
DA:1682,0
DA:1684,0
DA:1686,0
DA:1687,0
DA:1690,0
DA:1691,0
DA:1692,0
DA:1693,0
DA:1694,0
DA:1696,0
DA:1705,0
DA:1707,0
DA:1709,0
DA:1710,0
DA:1711,0
DA:1712,0
DA:1714,0
DA:1715,0
DA:1719,0
DA:1723,0
DA:1730,0
DA:1731,0
DA:1732,0
DA:1733,0
DA:1735,0
DA:1740,0
DA:1750,0
DA:1751,0
DA:1752,0
DA:1753,0
DA:1754,0
DA:1755,0
DA:1756,0
DA:1757,0
DA:1763,0
DA:1764,0
DA:1765,0
DA:1766,0
DA:1767,0
DA:1768,0
DA:1769,0
DA:1770,0
DA:1771,0
DA:1772,0
DA:1773,0
DA:1774,0
DA:1775,0
DA:1776,0
DA:1777,0
DA:1778,0
DA:1779,0
DA:1780,0
DA:1781,0
DA:1782,0
DA:1783,0
DA:1784,0
DA:1788,0
DA:1791,0
DA:1813,0
LF:919
LH:0
BRDA:50,0,0,0
BRDA:59,1,0,0
BRDA:59,1,1,0
BRDA:71,2,0,0
BRDA:135,3,0,0
BRDA:135,3,1,0
BRDA:157,4,0,0
BRDA:157,4,1,0
BRDA:157,5,0,0
BRDA:157,5,1,0
BRDA:165,6,0,0
BRDA:182,7,0,0
BRDA:182,7,1,0
BRDA:186,8,0,0
BRDA:186,8,1,0
BRDA:195,9,0,0
BRDA:195,9,1,0
BRDA:196,10,0,0
BRDA:196,10,1,0
BRDA:224,11,0,0
BRDA:224,11,1,0
BRDA:225,12,0,0
BRDA:225,12,1,0
BRDA:243,13,0,0
BRDA:243,13,1,0
BRDA:244,14,0,0
BRDA:244,14,1,0
BRDA:254,15,0,0
BRDA:254,15,1,0
BRDA:256,16,0,0
BRDA:256,16,1,0
BRDA:256,17,0,0
BRDA:256,17,1,0
BRDA:258,18,0,0
BRDA:258,18,1,0
BRDA:260,19,0,0
BRDA:260,19,1,0
BRDA:260,20,0,0
BRDA:260,20,1,0
BRDA:262,21,0,0
BRDA:262,21,1,0
BRDA:264,22,0,0
BRDA:264,22,1,0
BRDA:265,23,0,0
BRDA:265,23,1,0
BRDA:293,24,0,0
BRDA:293,24,1,0
BRDA:325,25,0,0
BRDA:325,25,1,0
BRDA:327,26,0,0
BRDA:327,26,1,0
BRDA:327,27,0,0
BRDA:327,27,1,0
BRDA:341,28,0,0
BRDA:341,28,1,0
BRDA:345,29,0,0
BRDA:345,29,1,0
BRDA:345,30,0,0
BRDA:345,30,1,0
BRDA:348,31,0,0
BRDA:348,31,1,0
BRDA:348,32,0,0
BRDA:348,32,1,0
BRDA:350,33,0,0
BRDA:350,33,1,0
BRDA:351,34,0,0
BRDA:351,34,1,0
BRDA:351,35,0,0
BRDA:351,35,1,0
BRDA:353,36,0,0
BRDA:353,36,1,0
BRDA:355,37,0,0
BRDA:355,37,1,0
BRDA:356,38,0,0
BRDA:356,38,1,0
BRDA:356,38,2,0
BRDA:356,38,3,0
BRDA:364,39,0,0
BRDA:364,39,1,0
BRDA:364,40,0,0
BRDA:364,40,1,0
BRDA:371,41,0,0
BRDA:371,41,1,0
BRDA:373,42,0,0
BRDA:373,42,1,0
BRDA:376,43,0,0
BRDA:376,43,1,0
BRDA:397,44,0,0
BRDA:397,44,1,0
BRDA:400,45,0,0
BRDA:400,45,1,0
BRDA:402,46,0,0
BRDA:402,46,1,0
BRDA:406,47,0,0
BRDA:406,47,1,0
BRDA:421,48,0,0
BRDA:421,48,1,0
BRDA:425,49,0,0
BRDA:425,49,1,0
BRDA:454,50,0,0
BRDA:454,50,1,0
BRDA:458,51,0,0
BRDA:458,51,1,0
BRDA:459,52,0,0
BRDA:459,52,1,0
BRDA:470,53,0,0
BRDA:470,53,1,0
BRDA:471,54,0,0
BRDA:471,54,1,0
BRDA:472,55,0,0
BRDA:472,55,1,0
BRDA:474,56,0,0
BRDA:474,56,1,0
BRDA:475,57,0,0
BRDA:475,57,1,0
BRDA:475,57,2,0
BRDA:475,57,3,0
BRDA:475,57,4,0
BRDA:484,58,0,0
BRDA:484,58,1,0
BRDA:491,59,0,0
BRDA:491,59,1,0
BRDA:493,60,0,0
BRDA:493,60,1,0
BRDA:494,61,0,0
BRDA:494,61,1,0
BRDA:494,61,2,0
BRDA:494,61,3,0
BRDA:502,62,0,0
BRDA:502,62,1,0
BRDA:506,63,0,0
BRDA:506,63,1,0
BRDA:509,64,0,0
BRDA:509,64,1,0
BRDA:515,65,0,0
BRDA:515,65,1,0
BRDA:516,66,0,0
BRDA:516,66,1,0
BRDA:527,67,0,0
BRDA:527,67,1,0
BRDA:536,68,0,0
BRDA:536,68,1,0
BRDA:537,69,0,0
BRDA:537,69,1,0
BRDA:537,69,2,0
BRDA:551,70,0,0
BRDA:551,70,1,0
BRDA:552,71,0,0
BRDA:552,71,1,0
BRDA:552,72,0,0
BRDA:552,72,1,0
BRDA:553,73,0,0
BRDA:553,73,1,0
BRDA:567,74,0,0
BRDA:567,74,1,0
BRDA:567,75,0,0
BRDA:567,75,1,0
BRDA:568,76,0,0
BRDA:568,76,1,0
BRDA:587,77,0,0
BRDA:587,77,1,0
BRDA:607,78,0,0
BRDA:607,78,1,0
BRDA:609,79,0,0
BRDA:609,79,1,0
BRDA:659,80,0,0
BRDA:659,80,1,0
BRDA:668,81,0,0
BRDA:668,81,1,0
BRDA:676,82,0,0
BRDA:676,82,1,0
BRDA:687,83,0,0
BRDA:687,83,1,0
BRDA:694,84,0,0
BRDA:694,84,1,0
BRDA:698,85,0,0
BRDA:698,85,1,0
BRDA:699,86,0,0
BRDA:699,86,1,0
BRDA:703,87,0,0
BRDA:703,87,1,0
BRDA:705,88,0,0
BRDA:705,88,1,0
BRDA:706,89,0,0
BRDA:706,89,1,0
BRDA:708,90,0,0
BRDA:708,90,1,0
BRDA:716,91,0,0
BRDA:716,91,1,0
BRDA:718,92,0,0
BRDA:718,92,1,0
BRDA:729,93,0,0
BRDA:729,93,1,0
BRDA:729,93,2,0
BRDA:729,93,3,0
BRDA:730,94,0,0
BRDA:730,94,1,0
BRDA:737,95,0,0
BRDA:737,95,1,0
BRDA:737,95,2,0
BRDA:739,96,0,0
BRDA:739,96,1,0
BRDA:741,97,0,0
BRDA:741,97,1,0
BRDA:741,98,0,0
BRDA:741,98,1,0
BRDA:742,99,0,0
BRDA:742,99,1,0
BRDA:743,100,0,0
BRDA:743,100,1,0
BRDA:744,101,0,0
BRDA:744,101,1,0
BRDA:745,102,0,0
BRDA:745,102,1,0
BRDA:745,103,0,0
BRDA:745,103,1,0
BRDA:745,103,2,0
BRDA:745,103,3,0
BRDA:751,104,0,0
BRDA:751,104,1,0
BRDA:751,104,2,0
BRDA:765,105,0,0
BRDA:765,105,1,0
BRDA:771,106,0,0
BRDA:771,106,1,0
BRDA:774,107,0,0
BRDA:774,107,1,0
BRDA:780,108,0,0
BRDA:780,108,1,0
BRDA:789,109,0,0
BRDA:789,109,1,0
BRDA:789,110,0,0
BRDA:789,110,1,0
BRDA:789,110,2,0
BRDA:789,110,3,0
BRDA:791,111,0,0
BRDA:791,111,1,0
BRDA:791,111,2,0
BRDA:791,111,3,0
BRDA:792,112,0,0
BRDA:792,112,1,0
BRDA:794,113,0,0
BRDA:794,113,1,0
BRDA:795,114,0,0
BRDA:795,114,1,0
BRDA:803,115,0,0
BRDA:803,115,1,0
BRDA:811,116,0,0
BRDA:811,116,1,0
BRDA:811,116,2,0
BRDA:811,116,3,0
BRDA:834,117,0,0
BRDA:834,117,1,0
BRDA:835,118,0,0
BRDA:835,118,1,0
BRDA:837,119,0,0
BRDA:837,119,1,0
BRDA:849,120,0,0
BRDA:849,120,1,0
BRDA:851,121,0,0
BRDA:851,121,1,0
BRDA:854,122,0,0
BRDA:854,122,1,0
BRDA:854,122,2,0
BRDA:854,122,3,0
BRDA:857,123,0,0
BRDA:857,123,1,0
BRDA:864,124,0,0
BRDA:864,124,1,0
BRDA:864,125,0,0
BRDA:864,125,1,0
BRDA:872,126,0,0
BRDA:872,126,1,0
BRDA:872,127,0,0
BRDA:872,127,1,0
BRDA:873,128,0,0
BRDA:873,128,1,0
BRDA:877,129,0,0
BRDA:877,129,1,0
BRDA:882,130,0,0
BRDA:882,130,1,0
BRDA:883,131,0,0
BRDA:883,131,1,0
BRDA:888,132,0,0
BRDA:888,132,1,0
BRDA:889,133,0,0
BRDA:889,133,1,0
BRDA:894,134,0,0
BRDA:894,134,1,0
BRDA:902,135,0,0
BRDA:902,135,1,0
BRDA:902,136,0,0
BRDA:902,136,1,0
BRDA:927,137,0,0
BRDA:927,137,1,0
BRDA:929,138,0,0
BRDA:929,138,1,0
BRDA:933,139,0,0
BRDA:933,139,1,0
BRDA:933,140,0,0
BRDA:933,140,1,0
BRDA:948,141,0,0
BRDA:948,141,1,0
BRDA:948,142,0,0
BRDA:948,142,1,0
BRDA:962,143,0,0
BRDA:962,143,1,0
BRDA:968,144,0,0
BRDA:968,144,1,0
BRDA:968,145,0,0
BRDA:968,145,1,0
BRDA:970,146,0,0
BRDA:970,146,1,0
BRDA:974,147,0,0
BRDA:974,147,1,0
BRDA:980,148,0,0
BRDA:980,148,1,0
BRDA:982,149,0,0
BRDA:982,149,1,0
BRDA:984,150,0,0
BRDA:984,150,1,0
BRDA:996,151,0,0
BRDA:996,151,1,0
BRDA:996,152,0,0
BRDA:996,152,1,0
BRDA:998,153,0,0
BRDA:998,153,1,0
BRDA:1007,154,0,0
BRDA:1007,154,1,0
BRDA:1007,155,0,0
BRDA:1007,155,1,0
BRDA:1008,156,0,0
BRDA:1008,156,1,0
BRDA:1009,157,0,0
BRDA:1009,157,1,0
BRDA:1017,158,0,0
BRDA:1017,158,1,0
BRDA:1017,159,0,0
BRDA:1017,159,1,0
BRDA:1029,160,0,0
BRDA:1029,160,1,0
BRDA:1033,161,0,0
BRDA:1033,161,1,0
BRDA:1033,162,0,0
BRDA:1033,162,1,0
BRDA:1033,162,2,0
BRDA:1033,162,3,0
BRDA:1035,163,0,0
BRDA:1035,163,1,0
BRDA:1038,164,0,0
BRDA:1038,164,1,0
BRDA:1041,165,0,0
BRDA:1041,165,1,0
BRDA:1041,166,0,0
BRDA:1041,166,1,0
BRDA:1042,167,0,0
BRDA:1042,167,1,0
BRDA:1042,168,0,0
BRDA:1042,168,1,0
BRDA:1043,169,0,0
BRDA:1043,169,1,0
BRDA:1048,170,0,0
BRDA:1048,170,1,0
BRDA:1052,171,0,0
BRDA:1052,171,1,0
BRDA:1062,172,0,0
BRDA:1062,172,1,0
BRDA:1069,173,0,0
BRDA:1069,173,1,0
BRDA:1069,174,0,0
BRDA:1069,174,1,0
BRDA:1069,174,2,0
BRDA:1074,175,0,0
BRDA:1074,175,1,0
BRDA:1074,176,0,0
BRDA:1074,176,1,0
BRDA:1076,177,0,0
BRDA:1076,177,1,0
BRDA:1076,178,0,0
BRDA:1076,178,1,0
BRDA:1078,179,0,0
BRDA:1078,179,1,0
BRDA:1080,180,0,0
BRDA:1080,180,1,0
BRDA:1082,181,0,0
BRDA:1082,181,1,0
BRDA:1090,182,0,0
BRDA:1090,182,1,0
BRDA:1091,183,0,0
BRDA:1091,183,1,0
BRDA:1091,183,2,0
BRDA:1104,184,0,0
BRDA:1104,184,1,0
BRDA:1104,185,0,0
BRDA:1104,185,1,0
BRDA:1106,186,0,0
BRDA:1106,186,1,0
BRDA:1107,187,0,0
BRDA:1107,187,1,0
BRDA:1109,188,0,0
BRDA:1109,188,1,0
BRDA:1112,189,0,0
BRDA:1112,189,1,0
BRDA:1117,190,0,0
BRDA:1117,190,1,0
BRDA:1121,191,0,0
BRDA:1121,191,1,0
BRDA:1121,192,0,0
BRDA:1121,192,1,0
BRDA:1126,193,0,0
BRDA:1126,193,1,0
BRDA:1129,194,0,0
BRDA:1129,194,1,0
BRDA:1136,195,0,0
BRDA:1136,195,1,0
BRDA:1144,196,0,0
BRDA:1144,196,1,0
BRDA:1155,197,0,0
BRDA:1155,197,1,0
BRDA:1164,198,0,0
BRDA:1164,198,1,0
BRDA:1177,199,0,0
BRDA:1177,199,1,0
BRDA:1178,200,0,0
BRDA:1178,200,1,0
BRDA:1178,200,2,0
BRDA:1178,200,3,0
BRDA:1189,201,0,0
BRDA:1189,201,1,0
BRDA:1189,202,0,0
BRDA:1189,202,1,0
BRDA:1189,202,2,0
BRDA:1190,203,0,0
BRDA:1190,203,1,0
BRDA:1192,204,0,0
BRDA:1192,204,1,0
BRDA:1193,205,0,0
BRDA:1193,205,1,0
BRDA:1193,206,0,0
BRDA:1193,206,1,0
BRDA:1200,207,0,0
BRDA:1200,207,1,0
BRDA:1200,208,0,0
BRDA:1200,208,1,0
BRDA:1202,209,0,0
BRDA:1202,209,1,0
BRDA:1205,210,0,0
BRDA:1205,210,1,0
BRDA:1206,211,0,0
BRDA:1206,211,1,0
BRDA:1209,212,0,0
BRDA:1209,212,1,0
BRDA:1217,213,0,0
BRDA:1217,213,1,0
BRDA:1223,214,0,0
BRDA:1223,214,1,0
BRDA:1234,215,0,0
BRDA:1234,215,1,0
BRDA:1240,216,0,0
BRDA:1240,216,1,0
BRDA:1241,217,0,0
BRDA:1241,217,1,0
BRDA:1241,218,0,0
BRDA:1241,218,1,0
BRDA:1243,219,0,0
BRDA:1243,219,1,0
BRDA:1247,220,0,0
BRDA:1247,220,1,0
BRDA:1256,221,0,0
BRDA:1256,221,1,0
BRDA:1260,222,0,0
BRDA:1260,222,1,0
BRDA:1264,223,0,0
BRDA:1264,223,1,0
BRDA:1272,224,0,0
BRDA:1272,224,1,0
BRDA:1284,225,0,0
BRDA:1284,225,1,0
BRDA:1284,226,0,0
BRDA:1284,226,1,0
BRDA:1288,227,0,0
BRDA:1288,227,1,0
BRDA:1288,228,0,0
BRDA:1288,228,1,0
BRDA:1288,228,2,0
BRDA:1289,229,0,0
BRDA:1289,229,1,0
BRDA:1292,230,0,0
BRDA:1292,230,1,0
BRDA:1292,231,0,0
BRDA:1292,231,1,0
BRDA:1292,231,2,0
BRDA:1293,232,0,0
BRDA:1293,232,1,0
BRDA:1297,233,0,0
BRDA:1297,233,1,0
BRDA:1298,234,0,0
BRDA:1298,234,1,0
BRDA:1298,234,2,0
BRDA:1298,234,3,0
BRDA:1304,235,0,0
BRDA:1304,235,1,0
BRDA:1318,236,0,0
[...]
DA:269,0
DA:274,1
DA:275,1
DA:276,1
DA:280,0
DA:281,0
DA:282,0
DA:284,0
DA:294,1
DA:295,1
DA:296,1
DA:297,1
DA:298,1
DA:299,1
DA:301,1
DA:302,1
DA:303,3
DA:304,2
DA:305,2
DA:306,2
DA:309,1
DA:310,1
DA:318,5
DA:319,5
DA:320,5
DA:322,5
DA:326,1
DA:327,1
DA:328,1
DA:330,1
DA:334,1
DA:335,1
DA:336,1
DA:344,1
DA:345,1
DA:346,1
DA:347,1
DA:352,2
DA:353,2
DA:354,2
DA:359,1
DA:360,1
DA:361,1
DA:366,1
DA:367,1
DA:368,1
DA:378,3
DA:379,3
DA:380,3
DA:381,3
DA:388,0
DA:389,0
DA:401,0
DA:402,0
DA:403,0
DA:404,0
DA:408,2
DA:409,1
DA:410,1
DA:414,0
DA:415,0
DA:416,0
DA:417,0
DA:421,0
DA:422,0
DA:423,0
DA:424,0
DA:428,12
DA:429,21
DA:430,11
DA:431,12
DA:439,12
DA:440,12
DA:441,12
DA:445,0
DA:446,0
DA:447,0
DA:448,0
DA:449,0
DA:450,0
DA:451,0
DA:452,0
DA:453,0
DA:455,0
DA:456,0
DA:460,0
DA:461,0
DA:462,0
DA:463,0
DA:467,0
DA:468,0
DA:469,0
DA:470,0
DA:477,1
DA:478,1
DA:479,1
DA:480,1
DA:487,1
DA:488,1
DA:492,1
DA:493,1
DA:494,1
DA:495,1
DA:497,1
DA:504,2
DA:505,2
DA:506,2
DA:507,2
DA:513,2
DA:516,2
DA:520,0
DA:521,0
DA:522,0
DA:523,0
DA:527,0
DA:528,0
DA:529,0
DA:530,0
DA:531,0
DA:535,0
DA:536,0
DA:537,0
DA:538,0
DA:542,21
DA:546,1
DA:547,1
DA:552,0
DA:553,0
DA:554,0
DA:557,0
DA:558,0
DA:559,0
DA:562,0
DA:563,0
DA:564,0
DA:565,0
DA:570,0
DA:571,0
DA:572,0
DA:575,0
DA:576,0
DA:577,0
DA:580,0
DA:581,0
DA:582,0
DA:583,0
DA:588,0
DA:589,0
DA:592,0
DA:593,0
DA:601,9
DA:602,9
DA:606,0
DA:615,0
DA:621,0
DA:622,0
DA:623,0
DA:624,0
DA:625,0
DA:626,0
DA:627,0
DA:628,0
DA:629,0
DA:630,0
DA:631,0
DA:632,0
DA:635,0
DA:636,0
DA:637,0
DA:638,0
DA:639,0
DA:640,0
DA:641,0
DA:643,0
DA:644,0
DA:645,0
DA:646,0
DA:647,0
DA:651,0
DA:653,0
DA:654,0
DA:655,0
DA:656,0
DA:657,0
DA:660,0
DA:661,0
DA:662,0
DA:664,0
DA:667,0
DA:669,0
DA:670,0
DA:671,0
DA:674,0
DA:675,0
DA:676,0
DA:677,0
DA:678,0
DA:679,0
DA:680,0
DA:682,0
DA:683,0
DA:684,0
DA:687,0
DA:688,0
DA:692,0
DA:693,0
DA:695,0
DA:702,0
DA:703,0
DA:705,0
DA:706,0
DA:707,0
DA:708,0
DA:709,0
DA:710,0
DA:712,0
DA:719,0
DA:720,0
DA:722,0
DA:723,0
DA:724,0
DA:725,0
DA:726,0
DA:727,0
DA:729,0
DA:735,0
DA:736,0
DA:739,0
DA:740,0
DA:741,0
DA:742,0
DA:743,0
DA:745,0
DA:746,0
DA:758,0
DA:759,0
DA:760,0
DA:762,0
DA:773,0
DA:774,0
DA:781,0
DA:782,0
DA:783,0
DA:784,0
DA:785,0
DA:786,0
DA:787,0
DA:792,0
DA:793,0
DA:796,0
DA:799,0
DA:803,1
DA:806,0
DA:808,1
DA:809,1
DA:810,1
DA:828,8
DA:830,7
DA:831,11
DA:833,7
DA:834,14
DA:835,8
DA:837,8
DA:838,14
DA:839,14
DA:840,14
DA:841,14
DA:844,14
DA:847,8
DA:848,8
DA:849,1
DA:850,1
DA:857,8
DA:859,8
DA:860,8
DA:861,8
DA:862,13
DA:863,13
DA:865,8
DA:866,8
DA:868,8
DA:869,7
DA:870,7
DA:871,6
DA:872,6
DA:874,6
DA:875,6
DA:876,13
DA:877,12
DA:878,12
DA:879,12
DA:880,12
DA:884,13
DA:885,13
DA:887,13
DA:889,6
DA:890,6
DA:891,6
DA:893,6
DA:898,1
DA:899,1
DA:903,0
DA:906,0
DA:907,0
DA:911,0
DA:916,0
DA:922,0
DA:923,0
DA:924,0
DA:925,0
DA:926,0
DA:927,0
DA:928,0
DA:929,0
DA:934,0
DA:938,0
DA:939,0
DA:940,0
DA:941,0
DA:942,0
DA:943,0
DA:945,0
DA:949,1
DA:951,1
DA:954,0
DA:959,19
LF:450
LH:201
BRDA:65,0,0,10
BRDA:65,0,1,0
BRDA:66,1,0,0
BRDA:66,1,1,10
BRDA:67,2,0,10
BRDA:67,2,1,0
BRDA:91,3,0,3
BRDA:91,3,1,23
BRDA:95,4,0,34
BRDA:102,5,0,0
BRDA:102,5,1,0
BRDA:102,6,0,0
BRDA:102,6,1,0
BRDA:114,7,0,0
BRDA:114,7,1,2
BRDA:116,8,0,0
BRDA:116,8,1,2
BRDA:117,9,0,2
BRDA:117,9,1,0
BRDA:126,10,0,0
BRDA:126,10,1,0
BRDA:140,11,0,0
BRDA:140,11,1,0
BRDA:143,12,0,2
BRDA:143,12,1,0
BRDA:153,13,0,0
BRDA:153,13,1,0
BRDA:163,14,0,0
BRDA:163,14,1,0
BRDA:165,15,0,0
BRDA:165,15,1,0
BRDA:169,16,0,0
BRDA:169,16,1,1
BRDA:172,17,0,1
BRDA:172,17,1,0
BRDA:191,18,0,0
BRDA:191,18,1,0
BRDA:193,19,0,0
BRDA:193,19,1,0
BRDA:197,20,0,0
BRDA:197,20,1,0
BRDA:214,21,0,0
BRDA:214,21,1,0
BRDA:215,22,0,0
BRDA:215,22,1,0
BRDA:217,23,0,0
BRDA:217,23,1,0
BRDA:221,24,0,0
BRDA:221,24,1,0
BRDA:231,25,0,0
BRDA:231,25,1,0
BRDA:232,26,0,0
BRDA:232,26,1,0
BRDA:238,27,0,0
BRDA:238,27,1,0
BRDA:254,28,0,12
BRDA:254,28,1,0
BRDA:254,29,0,12
BRDA:254,29,1,12
BRDA:256,30,0,12
BRDA:256,30,1,11
BRDA:257,31,0,12
BRDA:257,31,1,3
BRDA:258,32,0,12
BRDA:258,32,1,10
BRDA:259,33,0,12
BRDA:259,33,1,12
BRDA:260,34,0,12
BRDA:260,34,1,12
BRDA:261,35,0,12
BRDA:261,35,1,12
BRDA:262,36,0,12
BRDA:262,36,1,12
BRDA:267,37,0,0
BRDA:267,37,1,0
BRDA:269,38,0,0
BRDA:269,38,1,0
BRDA:275,39,0,1
BRDA:275,39,1,0
BRDA:281,40,0,0
BRDA:281,40,1,0
BRDA:299,41,0,1
BRDA:299,41,1,0
BRDA:303,42,0,2
BRDA:303,42,1,1
BRDA:303,43,0,3
BRDA:303,43,1,2
BRDA:309,44,0,1
BRDA:309,44,1,0
BRDA:322,45,0,5
BRDA:322,45,1,0
BRDA:330,46,0,1
BRDA:330,46,1,0
BRDA:346,47,0,1
BRDA:346,47,1,0
BRDA:379,48,0,0
BRDA:379,48,1,3
BRDA:408,49,0,1
BRDA:408,49,1,1
BRDA:414,50,0,0
BRDA:414,50,1,0
BRDA:416,51,0,0
BRDA:416,51,1,0
BRDA:421,52,0,0
BRDA:421,52,1,0
BRDA:423,53,0,0
BRDA:423,53,1,0
BRDA:428,54,0,1
BRDA:428,54,1,11
BRDA:430,55,0,11
BRDA:430,55,1,2
BRDA:445,56,0,0
BRDA:445,56,1,0
BRDA:447,57,0,0
BRDA:447,57,1,0
BRDA:452,58,0,0
BRDA:452,58,1,0
BRDA:452,59,0,0
BRDA:452,59,1,0
BRDA:460,60,0,0
BRDA:460,60,1,0
BRDA:462,61,0,0
BRDA:462,61,1,0
BRDA:467,62,0,0
BRDA:467,62,1,0
BRDA:469,63,0,0
BRDA:469,63,1,0
BRDA:476,64,0,1
BRDA:477,65,0,0
BRDA:477,65,1,1
BRDA:479,66,0,1
BRDA:479,66,1,0
BRDA:487,67,0,1
BRDA:487,67,1,0
BRDA:492,68,0,0
BRDA:492,68,1,1
BRDA:494,69,0,1
BRDA:494,69,1,0
BRDA:494,70,0,1
BRDA:494,70,1,1
BRDA:504,71,0,0
BRDA:504,71,1,2
BRDA:506,72,0,2
BRDA:506,72,1,0
BRDA:509,73,0,2
BRDA:509,73,1,1
BRDA:510,74,0,1
BRDA:510,74,1,1
BRDA:513,75,0,1
BRDA:513,75,1,1
BRDA:514,76,0,1
BRDA:514,76,1,0
BRDA:515,77,0,1
BRDA:515,77,1,0
BRDA:520,78,0,0
BRDA:520,78,1,0
BRDA:527,79,0,0
BRDA:527,79,1,0
BRDA:529,80,0,0
BRDA:529,80,1,0
BRDA:535,81,0,0
BRDA:535,81,1,0
BRDA:547,82,0,1
BRDA:547,82,1,0
BRDA:552,83,0,0
BRDA:552,83,1,0
BRDA:557,84,0,0
BRDA:557,84,1,0
BRDA:562,85,0,0
BRDA:562,85,1,0
BRDA:564,86,0,0
BRDA:564,86,1,0
BRDA:570,87,0,0
BRDA:570,87,1,0
BRDA:575,88,0,0
BRDA:575,88,1,0
BRDA:580,89,0,0
BRDA:580,89,1,0
BRDA:582,90,0,0
BRDA:582,90,1,0
BRDA:589,91,0,0
BRDA:589,91,1,0
BRDA:593,92,0,0
BRDA:593,92,1,0
BRDA:602,93,0,0
BRDA:602,93,1,9
BRDA:615,94,0,0
BRDA:615,94,1,0
BRDA:623,95,0,0
BRDA:623,95,1,0
BRDA:623,95,2,0
BRDA:624,96,0,0
BRDA:624,96,1,0
BRDA:625,97,0,0
BRDA:625,97,1,0
BRDA:626,98,0,0
BRDA:626,98,1,0
BRDA:628,99,0,0
BRDA:628,99,1,0
BRDA:628,100,0,0
BRDA:628,100,1,0
BRDA:629,101,0,0
BRDA:629,101,1,0
BRDA:631,102,0,0
BRDA:631,102,1,0
BRDA:655,103,0,0
BRDA:655,103,1,0
BRDA:697,104,0,0
BRDA:697,104,1,0
BRDA:750,105,0,0
BRDA:750,105,1,0
BRDA:752,106,0,0
BRDA:752,106,1,0
BRDA:770,107,0,0
BRDA:770,107,1,0
BRDA:782,108,0,0
BRDA:782,108,1,0
BRDA:785,109,0,0
BRDA:785,109,1,0
BRDA:785,110,0,0
BRDA:785,110,1,0
BRDA:803,111,0,0
BRDA:803,111,1,1
BRDA:803,112,0,1
BRDA:803,112,1,0
BRDA:808,113,0,0
BRDA:808,113,1,1
BRDA:809,114,0,0
BRDA:809,114,1,1
BRDA:827,115,0,8
BRDA:828,116,0,1
BRDA:828,116,1,7
BRDA:833,117,0,7
BRDA:833,117,1,3
BRDA:840,118,0,14
BRDA:840,118,1,5
BRDA:841,119,0,5
BRDA:841,119,1,9
BRDA:849,120,0,0
BRDA:849,120,1,1
BRDA:849,121,0,1
BRDA:849,121,1,1
BRDA:859,122,0,8
BRDA:859,122,1,0
BRDA:863,123,0,0
BRDA:863,123,1,0
BRDA:870,124,0,1
BRDA:870,124,1,6
BRDA:876,125,0,1
BRDA:876,125,1,12
BRDA:878,126,0,0
BRDA:878,126,1,12
BRDA:880,127,0,12
BRDA:880,127,1,11
BRDA:885,128,0,13
BRDA:885,128,1,11
BRDA:886,129,0,13
BRDA:886,129,1,9
BRDA:887,130,0,11
BRDA:887,130,1,2
BRDA:889,131,0,6
BRDA:889,131,1,0
BRDA:898,132,0,1
BRDA:898,132,1,0
BRDA:903,133,0,0
BRDA:903,133,1,0
BRDA:922,134,0,0
BRDA:922,134,1,0
BRDA:927,135,0,0
BRDA:927,135,1,0
BRDA:929,136,0,0
BRDA:929,136,1,0
BRDA:938,137,0,0
BRDA:938,137,1,0
BRDA:939,138,0,0
BRDA:939,138,1,0
BRDA:939,139,0,0
BRDA:939,139,1,0
BRDA:942,140,0,0
BRDA:942,140,1,0
BRDA:942,141,0,0
BRDA:942,141,1,0
BRDA:942,141,2,0
BRF:283
BRH:98
end_of_record
TN:
SF:src\stores\ui.ts
FN:14,(anonymous_0)
FN:79,loadFontScale
FN:83,setFontScale
FN:91,setColorblindMode
FN:119,addToast
FN:123,(anonymous_5)
FN:125,removeToast
FN:126,(anonymous_7)
FN:130,setConnectionStatus
FN:149,(anonymous_9)
FN:152,(anonymous_10)
FN:155,(anonymous_11)
FN:158,(anonymous_12)
FN:163,setMode
FN:173,toggleBackgroundEdit
FN:181,enterScope
FN:186,showOverview
FN:190,select
FN:195,toggleLinkTool
FN:205,closeLeftDock
FN:215,startLinkFrom
FN:219,cancelLinkDraft
FN:223,showContextMenu
FN:233,hideContextMenu
FN:238,toggleLinkType
FN:243,setFilter
FN:247,resetFilter
FN:251,showTooltipAt
FN:255,hideTooltip
FNF:29
FNH:0
FNDA:0,(anonymous_0)
FNDA:0,loadFontScale
FNDA:0,setFontScale
FNDA:0,setColorblindMode
FNDA:0,addToast
FNDA:0,(anonymous_5)
FNDA:0,removeToast
FNDA:0,(anonymous_7)
FNDA:0,setConnectionStatus
FNDA:0,(anonymous_9)
FNDA:0,(anonymous_10)
FNDA:0,(anonymous_11)
FNDA:0,(anonymous_12)
FNDA:0,setMode
FNDA:0,toggleBackgroundEdit
FNDA:0,enterScope
FNDA:0,showOverview
FNDA:0,select
FNDA:0,toggleLinkTool
FNDA:0,closeLeftDock
FNDA:0,startLinkFrom
FNDA:0,cancelLinkDraft
FNDA:0,showContextMenu
FNDA:0,hideContextMenu
FNDA:0,toggleLinkType
FNDA:0,setFilter
FNDA:0,resetFilter
FNDA:0,showTooltipAt
FNDA:0,hideTooltip
DA:14,0
DA:15,0
DA:17,0
DA:18,0
DA:19,0
DA:21,0
DA:22,0
DA:24,0
DA:36,0
DA:39,0
DA:41,0
DA:49,0
DA:50,0
DA:51,0
DA:52,0
DA:53,0
DA:54,0
DA:55,0
DA:56,0
DA:57,0
DA:58,0
DA:59,0
DA:60,0
DA:61,0
DA:62,0
DA:63,0
DA:64,0
DA:65,0
DA:69,0
DA:73,0
DA:76,0
DA:78,0
DA:80,0
DA:81,0
DA:84,0
DA:85,0
DA:88,0
DA:92,0
DA:93,0
DA:96,0
DA:97,0
DA:101,0
DA:103,0
DA:108,0
DA:118,0
DA:120,0
DA:121,0
DA:122,0
DA:123,0
DA:126,0
DA:127,0
DA:131,0
DA:132,0
DA:136,0
DA:149,0
DA:150,0
DA:152,0
DA:153,0
DA:155,0
DA:156,0
DA:158,0
DA:159,0
DA:164,0
DA:165,0
DA:166,0
DA:167,0
DA:168,0
DA:169,0
DA:174,0
DA:175,0
DA:176,0
DA:178,0
DA:182,0
DA:183,0
DA:187,0
DA:191,0
DA:192,0
DA:196,0
DA:197,0
DA:198,0
DA:199,0
DA:201,0
DA:202,0
DA:206,0
DA:207,0
DA:208,0
DA:209,0
DA:210,0
DA:211,0
DA:212,0
DA:216,0
DA:220,0
DA:224,0
DA:234,0
DA:235,0
DA:239,0
DA:240,0
DA:244,0
DA:248,0
DA:252,0
DA:256,0
DA:259,0
LF:102
LH:0
BRDA:80,0,0,0
BRDA:80,0,1,0
BRDA:81,1,0,0
BRDA:81,1,1,0
BRDA:81,2,0,0
BRDA:81,2,1,0
BRDA:81,2,2,0
BRDA:93,3,0,0
BRDA:93,3,1,0
BRDA:119,4,0,0
BRDA:122,5,0,0
BRDA:122,5,1,0
BRDA:127,6,0,0
BRDA:127,6,1,0
BRDA:132,7,0,0
BRDA:132,7,1,0
BRDA:132,8,0,0
BRDA:132,8,1,0
BRDA:150,9,0,0
BRDA:150,9,1,0
BRDA:153,10,0,0
BRDA:153,10,1,0
BRDA:156,11,0,0
BRDA:156,11,1,0
BRDA:159,12,0,0
BRDA:159,12,1,0
BRDA:166,13,0,0
BRDA:166,13,1,0
BRDA:174,14,0,0
BRDA:174,14,1,0
BRDA:196,15,0,0
BRDA:196,15,1,0
BRDA:202,16,0,0
BRDA:202,16,1,0
BRDA:239,17,0,0
BRDA:239,17,1,0
BRF:36
BRH:0
end_of_record
TN:
SF:src\types\bvh-extensions.d.ts
FNF:0
FNH:0
LF:0
LH:0
BRF:0
BRH:0
end_of_record
TN:
SF:src\types\index.ts
FNF:0
FNH:0
DA:214,2
DA:302,2
LF:2
LH:2
BRF:0
BRH:0
end_of_record
TN:
SF:src\utils\backgroundStorage.ts
FN:9,openDB
FN:10,(anonymous_1)
FN:12,(anonymous_2)
FN:13,(anonymous_3)
FN:14,(anonymous_4)
FN:18,storeAsset
FN:20,(anonymous_6)
FN:23,(anonymous_7)
FN:24,(anonymous_8)
FN:25,(anonymous_9)
FN:29,loadAsset
FN:31,(anonymous_11)
FN:34,(anonymous_12)
FN:35,(anonymous_13)
FN:39,deleteAsset
FN:41,(anonymous_15)
FN:44,(anonymous_16)
FN:45,(anonymous_17)
FN:46,(anonymous_18)
FNF:19
FNH:0
FNDA:0,openDB
FNDA:0,(anonymous_1)
FNDA:0,(anonymous_2)
FNDA:0,(anonymous_3)
FNDA:0,(anonymous_4)
FNDA:0,storeAsset
FNDA:0,(anonymous_6)
FNDA:0,(anonymous_7)
FNDA:0,(anonymous_8)
FNDA:0,(anonymous_9)
FNDA:0,loadAsset
FNDA:0,(anonymous_11)
FNDA:0,(anonymous_12)
FNDA:0,(anonymous_13)
FNDA:0,deleteAsset
FNDA:0,(anonymous_15)
FNDA:0,(anonymous_16)
FNDA:0,(anonymous_17)
FNDA:0,(anonymous_18)
DA:5,0
DA:6,0
DA:7,0
DA:10,0
DA:11,0
DA:12,0
DA:13,0
DA:14,0
DA:19,0
DA:20,0
DA:21,0
DA:22,0
DA:23,0
DA:24,0
DA:25,0
DA:30,0
DA:31,0
DA:32,0
DA:33,0
DA:34,0
DA:35,0
DA:40,0
DA:41,0
DA:42,0
DA:43,0
DA:44,0
DA:45,0
DA:46,0
LF:28
LH:0
BRDA:34,0,0,0
BRDA:34,0,1,0
BRF:2
BRH:0
end_of_record
TN:
SF:src\utils\colorUtils.ts
FN:37,(anonymous_0)
FN:42,getColorMode
FN:46,applyColorMode
FN:49,(anonymous_3)
FN:141,syncCustomTypes
FN:143,(anonymous_5)
FN:150,getTypeColor
FN:154,getTypeAbbr
FN:158,getTypeLabel
FNF:9
FNH:3
FNDA:24,(anonymous_0)
FNDA:0,getColorMode
FNDA:6,applyColorMode
FNDA:48,(anonymous_3)
FNDA:0,syncCustomTypes
FNDA:0,(anonymous_5)
FNDA:0,getTypeColor
FNDA:0,getTypeAbbr
FNDA:0,getTypeLabel
DA:5,3
DA:20,3
DA:34,3
DA:36,3
DA:37,24
DA:40,3
DA:43,0
DA:47,6
DA:48,6
DA:49,6
DA:50,48
DA:51,48
DA:55,3
DA:70,3
DA:80,3
DA:95,3
DA:110,3
DA:124,3
DA:137,3
DA:138,3
DA:139,3
DA:142,0
DA:143,0
DA:144,0
DA:145,0
DA:146,0
DA:151,0
DA:155,0
DA:159,0
LF:29
LH:20
BRDA:48,0,0,1
BRDA:48,0,1,5
BRDA:151,1,0,0
BRDA:151,1,1,0
BRDA:151,1,2,0
BRDA:155,2,0,0
BRDA:155,2,1,0
BRDA:155,2,2,0
BRDA:159,3,0,0
BRDA:159,3,1,0
BRDA:159,3,2,0
BRF:11
BRH:2
end_of_record
TN:
SF:src\utils\geometryFactory.ts
FN:19,shade
FN:24,assemble
FN:25,(anonymous_2)
FN:27,(anonymous_3)
FN:28,(anonymous_4)
FN:48,buildAppliance
FN:64,(anonymous_6)
FN:77,syncCustomGeometries
FN:79,(anonymous_8)
FN:86,getDeviceGeometry
FN:121,getDeviceHeight
FN:127,preloadCustomModels
FN:129,(anonymous_12)
FN:132,(anonymous_13)
FN:148,disposeGeometryCache
FN:149,(anonymous_15)
FNF:16
FNH:10
FNDA:944,shade
FNDA:26,assemble
FNDA:944,(anonymous_2)
FNDA:944,(anonymous_3)
FNDA:944,(anonymous_4)
FNDA:26,buildAppliance
FNDA:130,(anonymous_6)
FNDA:0,syncCustomGeometries
FNDA:0,(anonymous_8)
FNDA:38,getDeviceGeometry
FNDA:0,getDeviceHeight
FNDA:0,preloadCustomModels
FNDA:0,(anonymous_12)
FNDA:0,(anonymous_13)
FNDA:10,disposeGeometryCache
FNDA:26,(anonymous_15)
DA:10,2
DA:20,944
DA:21,944
DA:25,944
DA:26,26
DA:27,944
DA:28,944
DA:29,26
DA:33,2
DA:49,26
DA:50,26
DA:51,26
DA:52,26
DA:53,26
DA:54,26
DA:55,26
DA:56,113
DA:57,113
DA:58,113
DA:59,113
DA:62,26
DA:63,26
DA:64,26
DA:65,650
DA:66,397
DA:69,130
DA:70,26
DA:73,2
DA:75,2
DA:79,0
DA:80,0
DA:81,0
DA:83,0
DA:87,38
DA:90,26
DA:91,26
DA:92,0
DA:96,0
DA:97,0
DA:98,0
DA:99,0
DA:102,0
DA:103,0
DA:104,0
DA:105,0
DA:106,0
DA:108,0
DA:109,0
DA:110,0
DA:113,26
DA:114,38
DA:116,38
DA:117,38
DA:118,38
DA:122,0
DA:123,0
DA:124,0
DA:128,0
DA:129,0
DA:130,0
DA:131,0
DA:132,0
DA:133,0
DA:134,0
DA:135,0
DA:136,0
DA:137,0
DA:138,0
DA:139,0
DA:141,0
DA:145,0
DA:149,26
DA:150,10
LF:73
LH:39
BRDA:19,0,0,944
BRDA:25,1,0,892
BRDA:25,1,1,52
BRDA:27,2,0,892
BRDA:27,2,1,52
BRDA:52,3,0,2
BRDA:52,3,1,24
BRDA:52,4,0,2
BRDA:52,4,1,22
BRDA:52,5,0,1
BRDA:52,5,1,21
BRDA:65,6,0,397
BRDA:65,6,1,253
BRDA:81,7,0,0
BRDA:81,7,1,0
BRDA:87,8,0,12
BRDA:87,8,1,26
BRDA:91,9,0,0
BRDA:91,9,1,26
BRDA:92,10,0,0
BRDA:92,10,1,0
BRDA:102,11,0,0
BRDA:102,11,1,0
BRDA:102,11,2,0
BRDA:102,11,3,0
BRDA:113,12,0,26
BRDA:113,12,1,0
BRDA:123,13,0,0
BRDA:123,13,1,0
BRDA:124,14,0,0
BRDA:124,14,1,0
BRDA:130,15,0,0
BRDA:130,15,1,0
BRDA:131,16,0,0
BRDA:131,16,1,0
BRDA:135,17,0,0
BRDA:135,17,1,0
BRDA:137,18,0,0
BRDA:137,18,1,0
BRDA:145,19,0,0
BRDA:145,19,1,0
BRF:41
BRH:17
end_of_record
TN:
SF:src\utils\labelLayout.ts
FN:5,layoutLabels
FN:12,(anonymous_1)
FN:19,(anonymous_2)
FN:32,(anonymous_3)
FN:36,(anonymous_4)
FN:36,(anonymous_5)
FNF:6
FNH:6
FNDA:6,layoutLabels
FNDA:22,(anonymous_1)
FNDA:9,(anonymous_2)
FNDA:11,(anonymous_3)
FNDA:22,(anonymous_4)
FNDA:7,(anonymous_5)
DA:8,6
DA:9,6
DA:10,6
DA:11,6
DA:12,6
DA:13,22
DA:14,22
DA:15,45
DA:17,22
DA:19,6
DA:20,9
DA:21,18
DA:22,18
DA:23,18
DA:27,6
DA:28,1
DA:29,1
DA:30,1
DA:32,11
DA:33,6
DA:34,14
DA:35,14
DA:36,22
DA:37,7
DA:39,13
DA:40,8
DA:41,8
DA:43,6
LF:28
LH:28
BRDA:6,0,0,6
BRDA:21,1,0,18
BRDA:21,1,1,16
BRDA:30,2,0,1
BRDA:30,2,1,0
BRDA:30,3,0,1
BRDA:30,3,1,1
BRDA:32,4,0,11
BRDA:32,4,1,9
BRDA:35,5,0,1
BRDA:35,5,1,13
BRDA:35,6,0,14
BRDA:35,6,1,14
BRDA:35,6,2,14
BRDA:35,6,3,13
BRDA:36,7,0,22
BRDA:36,7,1,15
BRDA:37,8,0,7
BRDA:37,8,1,5
BRDA:37,8,2,5
BRDA:37,8,3,5
BRDA:39,9,0,5
BRDA:39,9,1,8
BRF:23
BRH:22
end_of_record
TN:
SF:src\utils\mockDataGenerator.ts
FN:6,uid
FN:9,rand
FN:10,randInt
FN:11,pick
FN:33,makeInterfaces
FN:38,(anonymous_5)
FN:53,makeDevice
FN:98,generateMockData
FN:109,buildFloorContents
FN:116,(anonymous_9)
FN:151,(anonymous_10)
FN:177,(anonymous_11)
FN:179,(anonymous_12)
FN:197,(anonymous_13)
FN:197,(anonymous_14)
FN:198,(anonymous_15)
FN:198,(anonymous_16)
FN:220,(anonymous_17)
FN:250,(anonymous_18)
FN:251,(anonymous_19)
FN:266,(anonymous_20)
FNF:21
FNH:0
FNDA:0,uid
FNDA:0,rand
FNDA:0,randInt
FNDA:0,pick
FNDA:0,makeInterfaces
FNDA:0,(anonymous_5)
FNDA:0,makeDevice
FNDA:0,generateMockData
FNDA:0,buildFloorContents
FNDA:0,(anonymous_9)
FNDA:0,(anonymous_10)
FNDA:0,(anonymous_11)
FNDA:0,(anonymous_12)
FNDA:0,(anonymous_13)
FNDA:0,(anonymous_14)
FNDA:0,(anonymous_15)
FNDA:0,(anonymous_16)
FNDA:0,(anonymous_17)
FNDA:0,(anonymous_18)
FNDA:0,(anonymous_19)
FNDA:0,(anonymous_20)
DA:7,0
DA:9,0
DA:10,0
DA:11,0
DA:13,1
DA:18,1
DA:34,0
DA:38,0
DA:57,0
DA:58,0
DA:59,0
DA:60,0
DA:83,0
DA:84,0
DA:85,0
DA:99,0
DA:100,0
DA:101,0
DA:102,0
DA:103,0
DA:110,0
DA:114,0
DA:116,0
DA:117,0
DA:118,0
DA:127,0
DA:128,0
DA:129,0
DA:130,0
DA:131,0
DA:132,0
DA:133,0
DA:134,0
DA:136,0
DA:140,0
DA:141,0
DA:143,0
DA:151,0
DA:152,0
DA:153,0
DA:154,0
DA:156,0
DA:157,0
DA:158,0
DA:159,0
DA:160,0
DA:161,0
DA:162,0
DA:164,0
DA:177,0
DA:178,0
DA:179,0
DA:180,0
DA:181,0
DA:196,0
DA:197,0
DA:198,0
DA:199,0
DA:200,0
DA:215,0
DA:220,0
DA:221,0
DA:226,0
DA:227,0
DA:228,0
DA:235,0
DA:242,0
DA:248,0
DA:250,0
DA:251,0
DA:252,0
DA:253,0
DA:264,0
DA:265,0
DA:266,0
DA:267,0
DA:268,0
DA:269,0
DA:272,0
LF:79
LH:2
BRDA:34,0,0,0
BRDA:34,0,1,0
BRDA:34,1,0,0
BRDA:34,1,1,0
BRDA:42,2,0,0
BRDA:42,2,1,0
BRDA:42,3,0,0
BRDA:42,3,1,0
BRDA:43,4,0,0
BRDA:43,4,1,0
BRDA:48,5,0,0
BRDA:48,5,1,0
BRDA:49,6,0,0
BRDA:49,6,1,0
BRDA:83,7,0,0
BRDA:83,7,1,0
BRDA:83,8,0,0
BRDA:83,8,1,0
BRDA:83,9,0,0
BRDA:83,9,1,0
BRDA:124,10,0,0
BRDA:124,10,1,0
BRDA:132,11,0,0
BRDA:132,11,1,0
BRDA:136,12,0,0
BRDA:136,12,1,0
BRDA:172,13,0,0
BRDA:172,13,1,0
BRDA:178,14,0,0
BRDA:178,14,1,0
BRDA:180,15,0,0
BRDA:180,15,1,0
BRDA:196,16,0,0
BRDA:196,16,1,0
BRDA:196,17,0,0
BRDA:196,17,1,0
BRDA:197,18,0,0
BRDA:197,18,1,0
BRDA:197,19,0,0
BRDA:197,19,1,0
BRDA:198,20,0,0
BRDA:198,20,1,0
BRDA:198,21,0,0
BRDA:198,21,1,0
BRDA:199,22,0,0
BRDA:199,22,1,0
BRDA:199,23,0,0
BRDA:199,23,1,0
BRDA:250,24,0,0
BRDA:250,24,1,0
BRDA:251,25,0,0
BRDA:251,25,1,0
BRDA:252,26,0,0
BRDA:252,26,1,0
BRDA:252,27,0,0
BRDA:252,27,1,0
BRF:56
BRH:0
end_of_record
TN:
SF:src\utils\modelLoader.ts
FN:5,loadGltfGeometry
FN:7,(anonymous_1)
FN:8,(anonymous_2)
FN:12,(anonymous_3)
FN:27,(anonymous_4)
FN:44,(anonymous_5)
FN:55,loadGltfObject
FN:57,(anonymous_7)
FN:58,(anonymous_8)
FN:60,(anonymous_9)
FNF:10
FNH:0
FNDA:0,loadGltfGeometry
FNDA:0,(anonymous_1)
FNDA:0,(anonymous_2)
FNDA:0,(anonymous_3)
FNDA:0,(anonymous_4)
FNDA:0,(anonymous_5)
FNDA:0,loadGltfObject
FNDA:0,(anonymous_7)
FNDA:0,(anonymous_8)
FNDA:0,(anonymous_9)
DA:6,0
DA:7,0
DA:8,0
DA:10,0
DA:11,0
DA:12,0
DA:13,0
DA:14,0
DA:15,0
DA:16,0
DA:20,0
DA:22,0
DA:27,0
DA:30,0
DA:31,0
DA:32,0
DA:33,0
DA:34,0
DA:35,0
DA:37,0
DA:38,0
DA:40,0
DA:41,0
DA:43,0
DA:45,0
DA:46,0
DA:56,0
DA:57,0
DA:58,0
DA:59,0
DA:61,0
DA:62,0
LF:32
LH:0
BRDA:13,0,0,0
BRDA:13,0,1,0
BRDA:13,1,0,0
BRDA:13,1,1,0
BRDA:20,2,0,0
BRDA:20,2,1,0
BRDA:22,3,0,0
BRDA:22,3,1,0
BRDA:23,4,0,0
BRDA:23,4,1,0
BRDA:27,5,0,0
BRDA:27,5,1,0
BRDA:38,6,0,0
BRDA:38,6,1,0
BRDA:59,7,0,0
BRDA:59,7,1,0
BRF:16
BRH:0
end_of_record
TN:
SF:src\utils\modelStorage.ts
FN:5,openDB
FN:6,(anonymous_1)
FN:8,(anonymous_2)
FN:9,(anonymous_3)
FN:10,(anonymous_4)
FN:14,storeModel
FN:16,(anonymous_6)
FN:19,(anonymous_7)
FN:20,(anonymous_8)
FN:21,(anonymous_9)
FN:25,loadModel
FN:27,(anonymous_11)
FN:30,(anonymous_12)
FN:31,(anonymous_13)
FN:35,deleteModel
FN:37,(anonymous_15)
FN:40,(anonymous_16)
FN:41,(anonymous_17)
FN:42,(anonymous_18)
FNF:19
FNH:0
FNDA:0,openDB
FNDA:0,(anonymous_1)
FNDA:0,(anonymous_2)
FNDA:0,(anonymous_3)
FNDA:0,(anonymous_4)
FNDA:0,storeModel
FNDA:0,(anonymous_6)
FNDA:0,(anonymous_7)
FNDA:0,(anonymous_8)
FNDA:0,(anonymous_9)
FNDA:0,loadModel
FNDA:0,(anonymous_11)
FNDA:0,(anonymous_12)
FNDA:0,(anonymous_13)
FNDA:0,deleteModel
FNDA:0,(anonymous_15)
FNDA:0,(anonymous_16)
FNDA:0,(anonymous_17)
FNDA:0,(anonymous_18)
DA:1,2
DA:2,2
DA:3,2
DA:6,0
DA:7,0
DA:8,0
DA:9,0
DA:10,0
DA:15,0
DA:16,0
DA:17,0
DA:18,0
DA:19,0
DA:20,0
DA:21,0
DA:26,0
DA:27,0
DA:28,0
DA:29,0
DA:30,0
DA:31,0
DA:36,0
DA:37,0
DA:38,0
DA:39,0
DA:40,0
DA:41,0
DA:42,0
LF:28
LH:3
BRDA:30,0,0,0
BRDA:30,0,1,0
BRF:2
BRH:0
end_of_record
